#
# There is insufficient memory for the Java Runtime Environment to continue.
# Native memory allocation (malloc) failed to allocate 847056 bytes for Chunk::new
# Possible reasons:
#   The system is out of physical RAM or swap space
#   In 32 bit mode, the process size limit was hit
# Possible solutions:
#   Reduce memory load on the system
#   Increase physical memory or swap space
#   Check if swap backing store is full
#   Use 64 bit Java on a 64 bit OS
#   Decrease Java heap size (-Xmx/-Xms)
#   Decrease number of Java threads
#   Decrease Java thread stack sizes (-Xss)
#   Set larger code cache with -XX:ReservedCodeCacheSize=
# This output file may be truncated or incomplete.
#
#  Out of Memory Error (allocation.cpp:390), pid=10148, tid=0x00000000000013c0
#
# JRE version: OpenJDK Runtime Environment (8.0_152-b02) (build 1.8.0_152-release-1024-b02)
# Java VM: OpenJDK 64-Bit Server VM (25.152-b02 mixed mode windows-amd64 compressed oops)
# Failed to write core dump. Minidumps are not enabled by default on client versions of Windows
#

---------------  T H R E A D  ---------------

Current thread (0x000000001612b000):  JavaThread "C2 CompilerThread1" daemon [_thread_in_native, id=5056, stack(0x0000000017890000,0x0000000017990000)]

Stack: [0x0000000017890000,0x0000000017990000]
[error occurred during error reporting (printing stack bounds), id 0xc0000005]

Native frames: (J=compiled Java code, j=interpreted, Vv=VM code, C=native code)


Current CompileTask:
C2:1527893 22679       4       com.android.tools.r8.ir.optimize.PeepholeOptimizer::removeRedundantInstructions (336 bytes)


---------------  P R O C E S S  ---------------

Java Threads: ( => current thread )
  0x000000001b266800 JavaThread "pool-52-thread-2" [_thread_blocked, id=204, stack(0x0000000039a90000,0x0000000039b90000)]
  0x000000001b269000 JavaThread "pool-52-thread-1" [_thread_blocked, id=9336, stack(0x0000000039990000,0x0000000039a90000)]
  0x000000001b261800 JavaThread "pool-51-thread-2" [_thread_in_vm, id=9396, stack(0x0000000039890000,0x0000000039990000)]
  0x000000001b268000 JavaThread "pool-51-thread-1" [_thread_in_Java, id=1512, stack(0x0000000039790000,0x0000000039890000)]
  0x000000001b267800 JavaThread "ForkJoinPool.commonPool-worker-1" daemon [_thread_blocked, id=8136, stack(0x0000000034090000,0x0000000034190000)]
  0x000000001b25f000 JavaThread "ForkJoinPool.commonPool-worker-0" daemon [_thread_blocked, id=4972, stack(0x0000000033f90000,0x0000000034090000)]
  0x000000001b25d800 JavaThread "ForkJoinPool.commonPool-worker-3" daemon [_thread_in_Java, id=2208, stack(0x0000000033e90000,0x0000000033f90000)]
  0x000000001b263000 JavaThread "Cache worker for Java compile cache (C:\Users\Dell\AndroidStudioProjects\Trial\.gradle\4.4\javaCompile)" [_thread_blocked, id=3064, stack(0x0000000033c90000,0x0000000033d90000)]
  0x000000001c474000 JavaThread "Task worker for ':' Thread 3" [_thread_blocked, id=7508, stack(0x0000000031890000,0x0000000031990000)]
  0x000000001c479800 JavaThread "Task worker for ':' Thread 2" [_thread_blocked, id=3824, stack(0x0000000031790000,0x0000000031890000)]
  0x000000001c47b000 JavaThread "Task worker for ':'" [_thread_blocked, id=10548, stack(0x0000000031690000,0x0000000031790000)]
  0x000000001c477000 JavaThread "Cache worker for Build Output Cleanup Cache (C:\Users\Dell\AndroidStudioProjects\Trial\.gradle\buildOutputCleanup)" [_thread_blocked, id=8176, stack(0x0000000031590000,0x0000000031690000)]
  0x000000001c472800 JavaThread "Cache worker for task history cache (C:\Users\Dell\AndroidStudioProjects\Trial\.gradle\4.4\taskHistory)" [_thread_blocked, id=6296, stack(0x0000000031490000,0x0000000031590000)]
  0x000000001c475800 JavaThread "Cache worker for file content cache (C:\Users\Dell\AndroidStudioProjects\Trial\.gradle\4.4\fileContent)" [_thread_blocked, id=5400, stack(0x0000000031390000,0x0000000031490000)]
  0x0000000019795000 JavaThread "build operations Thread 4" [_thread_blocked, id=5808, stack(0x0000000031290000,0x0000000031390000)]
  0x0000000019792800 JavaThread "build operations Thread 3" [_thread_blocked, id=11164, stack(0x0000000031190000,0x0000000031290000)]
  0x0000000019798000 JavaThread "build operations Thread 2" [_thread_blocked, id=8008, stack(0x0000000031090000,0x0000000031190000)]
  0x000000001978c800 JavaThread "build operations" [_thread_blocked, id=1800, stack(0x0000000030f90000,0x0000000031090000)]
  0x000000001978b000 JavaThread "Cache worker for Artifact transforms cache (C:\Users\Dell\.gradle\caches\transforms-1)" [_thread_blocked, id=6484, stack(0x0000000030e90000,0x0000000030f90000)]
  0x000000001978a000 JavaThread "Cache worker for file hash cache (C:\Users\Dell\AndroidStudioProjects\Trial\.gradle\4.4\fileHashes)" [_thread_blocked, id=6116, stack(0x0000000030d90000,0x0000000030e90000)]
  0x000000001978f800 JavaThread "Asynchronous log dispatcher for DefaultDaemonConnection: socket connection from /127.0.0.1:50026 to /127.0.0.1:50308" [_thread_blocked, id=1928, stack(0x0000000030b90000,0x0000000030c90000)]
  0x000000001978c000 JavaThread "Daemon worker Thread 3" [_thread_blocked, id=7372, stack(0x0000000030a90000,0x0000000030b90000)]
  0x000000001978f000 JavaThread "Cancel handler" [_thread_blocked, id=4548, stack(0x0000000030990000,0x0000000030a90000)]
  0x0000000019789800 JavaThread "Handler for socket connection from /127.0.0.1:50026 to /127.0.0.1:50308" [_thread_in_native, id=4244, stack(0x0000000030890000,0x0000000030990000)]
  0x000000001978e000 JavaThread "Daemon Thread 3" [_thread_blocked, id=4336, stack(0x0000000030790000,0x0000000030890000)]
  0x000000001c476800 JavaThread "Java2D Disposer" daemon [_thread_blocked, id=10424, stack(0x000000002db90000,0x000000002dc90000)]
  0x000000001b263800 JavaThread "Memory manager" [_thread_blocked, id=10352, stack(0x0000000020ad0000,0x0000000020bd0000)]
  0x0000000019313800 JavaThread "File lock request listener" [_thread_in_native, id=6460, stack(0x000000001abe0000,0x000000001ace0000)]
  0x0000000018f90000 JavaThread "Cache worker for file hash cache (C:\Users\Dell\.gradle\caches\4.4\fileHashes)" [_thread_blocked, id=1784, stack(0x000000001aae0000,0x000000001abe0000)]
  0x0000000019002000 JavaThread "Daemon periodic checks" [_thread_blocked, id=11188, stack(0x0000000019fe0000,0x000000001a0e0000)]
  0x0000000019000000 JavaThread "Incoming local TCP Connector on port 50026" [_thread_in_native, id=5732, stack(0x0000000019da0000,0x0000000019ea0000)]
  0x0000000017ab8800 JavaThread "Service Thread" daemon [_thread_blocked, id=10312, stack(0x0000000017e90000,0x0000000017f90000)]
  0x000000001613a000 JavaThread "C1 CompilerThread2" daemon [_thread_blocked, id=1096, stack(0x0000000017990000,0x0000000017a90000)]
=>0x000000001612b000 JavaThread "C2 CompilerThread1" daemon [_thread_in_native, id=5056, stack(0x0000000017890000,0x0000000017990000)]
  0x0000000016137000 JavaThread "C2 CompilerThread0" daemon [_thread_in_native, id=1532, stack(0x0000000017790000,0x0000000017890000)]
  0x0000000016135800 JavaThread "Attach Listener" daemon [_thread_blocked, id=1016, stack(0x0000000017690000,0x0000000017790000)]
  0x0000000016134000 JavaThread "Signal Dispatcher" daemon [_thread_blocked, id=7868, stack(0x0000000017590000,0x0000000017690000)]
  0x00000000027bc800 JavaThread "Finalizer" daemon [_thread_blocked, id=9152, stack(0x00000000173a0000,0x00000000174a0000)]
  0x00000000027b1800 JavaThread "Reference Handler" daemon [_thread_blocked, id=9156, stack(0x00000000172a0000,0x00000000173a0000)]
  0x00000000026be000 JavaThread "main" [_thread_blocked, id=8880, stack(0x0000000002540000,0x0000000002640000)]

Other Threads:
  0x00000000160f6000 VMThread [stack: 0x00000000171a0000,0x00000000172a0000] [id=9160]
  0x000000001618e000 WatcherThread [stack: 0x0000000017f90000,0x0000000018090000] [id=9320]

VM state:not at safepoint (normal execution)

VM Mutex/Monitor currently owned by a thread: None

Heap:
 PSYoungGen      total 312320K, used 161872K [0x00000000e0000000, 0x00000000f6880000, 0x0000000100000000)
  eden space 256000K, 57% used [0x00000000e0000000,0x00000000e9027fe8,0x00000000efa00000)
  from space 56320K, 25% used [0x00000000efa00000,0x00000000f07ec040,0x00000000f3100000)
  to   space 55808K, 0% used [0x00000000f3100000,0x00000000f3100000,0x00000000f6780000)
 ParOldGen       total 109056K, used 85021K [0x00000000a0000000, 0x00000000a6a80000, 0x00000000e0000000)
  object space 109056K, 77% used [0x00000000a0000000,0x00000000a53076a8,0x00000000a6a80000)
 Metaspace       used 91819K, capacity 96424K, committed 98136K, reserved 1134592K
  class space    used 11429K, capacity 12524K, committed 12888K, reserved 1048576K

Card table byte_map: [0x0000000011b80000,0x0000000011e90000] byte_map_base: 0x0000000011680000

Marking Bits: (ParMarkBitMap*) 0x00000000646a4970
 Begin Bits: [0x0000000012490000, 0x0000000013c90000)
 End Bits:   [0x0000000013c90000, 0x0000000015490000)

Polling page: 0x00000000003e0000

CodeCache: size=245760Kb used=63211Kb max_used=63237Kb free=182549Kb
 bounds [0x00000000027c0000, 0x00000000065e0000, 0x00000000117c0000]
 total_blobs=19066 nmethods=18082 adapters=893
 compilation: enabled

Compilation events (10 events):
Event: 1527.244 Thread 0x000000001613a000 22790       2       com.android.tools.r8.it.unimi.dsi.fastutil.objects.Reference2IntLinkedOpenHashMap$KeyIterator::<init> (12 bytes)
Event: 1527.245 Thread 0x000000001613a000 nmethod 22790 0x00000000065d59d0 code [0x00000000065d5b40, 0x00000000065d5cc8]
Event: 1527.256 Thread 0x000000001613a000 22791       1       com.android.tools.r8.BaseCommand$Builder::getReporter (5 bytes)
Event: 1527.257 Thread 0x000000001613a000 nmethod 22791 0x00000000065d5d90 code [0x00000000065d5ee0, 0x00000000065d5ff0]
Event: 1527.257 Thread 0x000000001613a000 22792       1       com.android.tools.r8.dex.ApplicationReader::access$100 (5 bytes)
Event: 1527.257 Thread 0x000000001613a000 nmethod 22792 0x00000000065d6050 code [0x00000000065d61a0, 0x00000000065d6290]
Event: 1527.257 Thread 0x000000001613a000 22793   !   2       java.lang.ThreadGroup::addUnstarted (40 bytes)
Event: 1527.257 Thread 0x000000001613a000 nmethod 22793 0x00000000065d6310 code [0x00000000065d6480, 0x00000000065d67e8]
Event: 1527.257 Thread 0x000000001613a000 22794       2       java.lang.Thread::setPriority (56 bytes)
Event: 1527.258 Thread 0x000000001613a000 nmethod 22794 0x00000000065d6990 code [0x00000000065d6b20, 0x00000000065d6da8]

GC Heap History (10 events):
Event: 1520.043 GC heap before
{Heap before GC invocations=55 (full 3):
 PSYoungGen      total 249856K, used 215317K [0x00000000e0000000, 0x00000000f4780000, 0x0000000100000000)
  eden space 190464K, 100% used [0x00000000e0000000,0x00000000eba00000,0x00000000eba00000)
  from space 59392K, 41% used [0x00000000eba00000,0x00000000ed245470,0x00000000ef400000)
  to   space 56832K, 0% used [0x00000000f1000000,0x00000000f1000000,0x00000000f4780000)
 ParOldGen       total 109056K, used 86297K [0x00000000a0000000, 0x00000000a6a80000, 0x00000000e0000000)
  object space 109056K, 79% used [0x00000000a0000000,0x00000000a5446458,0x00000000a6a80000)
 Metaspace       used 92207K, capacity 97658K, committed 97880K, reserved 1134592K
  class space    used 11584K, capacity 12763K, committed 12888K, reserved 1048576K
Event: 1520.115 GC heap after
Heap after GC invocations=55 (full 3):
 PSYoungGen      total 278528K, used 12156K [0x00000000e0000000, 0x00000000f4780000, 0x0000000100000000)
  eden space 221696K, 0% used [0x00000000e0000000,0x00000000e0000000,0x00000000ed880000)
  from space 56832K, 21% used [0x00000000f1000000,0x00000000f1bdf368,0x00000000f4780000)
  to   space 56832K, 0% used [0x00000000ed880000,0x00000000ed880000,0x00000000f1000000)
 ParOldGen       total 109056K, used 96772K [0x00000000a0000000, 0x00000000a6a80000, 0x00000000e0000000)
  object space 109056K, 88% used [0x00000000a0000000,0x00000000a5e81100,0x00000000a6a80000)
 Metaspace       used 92207K, capacity 97658K, committed 97880K, reserved 1134592K
  class space    used 11584K, capacity 12763K, committed 12888K, reserved 1048576K
}
Event: 1521.411 GC heap before
{Heap before GC invocations=56 (full 3):
 PSYoungGen      total 278528K, used 233852K [0x00000000e0000000, 0x00000000f4780000, 0x0000000100000000)
  eden space 221696K, 100% used [0x00000000e0000000,0x00000000ed880000,0x00000000ed880000)
  from space 56832K, 21% used [0x00000000f1000000,0x00000000f1bdf368,0x00000000f4780000)
  to   space 56832K, 0% used [0x00000000ed880000,0x00000000ed880000,0x00000000f1000000)
 ParOldGen       total 109056K, used 96772K [0x00000000a0000000, 0x00000000a6a80000, 0x00000000e0000000)
  object space 109056K, 88% used [0x00000000a0000000,0x00000000a5e81100,0x00000000a6a80000)
 Metaspace       used 92315K, capacity 97822K, committed 98136K, reserved 1134592K
  class space    used 11596K, capacity 12795K, committed 12888K, reserved 1048576K
Event: 1521.447 GC heap after
Heap after GC invocations=56 (full 3):
 PSYoungGen      total 278528K, used 15197K [0x00000000e0000000, 0x00000000f6780000, 0x0000000100000000)
  eden space 221696K, 0% used [0x00000000e0000000,0x00000000e0000000,0x00000000ed880000)
  from space 56832K, 26% used [0x00000000ed880000,0x00000000ee7574a0,0x00000000f1000000)
  to   space 55808K, 0% used [0x00000000f3100000,0x00000000f3100000,0x00000000f6780000)
 ParOldGen       total 109056K, used 103502K [0x00000000a0000000, 0x00000000a6a80000, 0x00000000e0000000)
  object space 109056K, 94% used [0x00000000a0000000,0x00000000a6513a10,0x00000000a6a80000)
 Metaspace       used 92315K, capacity 97822K, committed 98136K, reserved 1134592K
  class space    used 11596K, capacity 12795K, committed 12888K, reserved 1048576K
}
Event: 1521.504 GC heap before
{Heap before GC invocations=57 (full 4):
 PSYoungGen      total 278528K, used 15197K [0x00000000e0000000, 0x00000000f6780000, 0x0000000100000000)
  eden space 221696K, 0% used [0x00000000e0000000,0x00000000e0000000,0x00000000ed880000)
  from space 56832K, 26% used [0x00000000ed880000,0x00000000ee7574a0,0x00000000f1000000)
  to   space 55808K, 0% used [0x00000000f3100000,0x00000000f3100000,0x00000000f6780000)
 ParOldGen       total 109056K, used 103502K [0x00000000a0000000, 0x00000000a6a80000, 0x00000000e0000000)
  object space 109056K, 94% used [0x00000000a0000000,0x00000000a6513a10,0x00000000a6a80000)
 Metaspace       used 92315K, capacity 97822K, committed 98136K, reserved 1134592K
  class space    used 11596K, capacity 12795K, committed 12888K, reserved 1048576K
Event: 1524.274 GC heap after
Heap after GC invocations=57 (full 4):
 PSYoungGen      total 278528K, used 0K [0x00000000e0000000, 0x00000000f6780000, 0x0000000100000000)
  eden space 221696K, 0% used [0x00000000e0000000,0x00000000e0000000,0x00000000ed880000)
  from space 56832K, 0% used [0x00000000ed880000,0x00000000ed880000,0x00000000f1000000)
  to   space 55808K, 0% used [0x00000000f3100000,0x00000000f3100000,0x00000000f6780000)
 ParOldGen       total 109056K, used 85021K [0x00000000a0000000, 0x00000000a6a80000, 0x00000000e0000000)
  object space 109056K, 77% used [0x00000000a0000000,0x00000000a53076a8,0x00000000a6a80000)
 Metaspace       used 91803K, capacity 96416K, committed 98136K, reserved 1134592K
  class space    used 11429K, capacity 12524K, committed 12888K, reserved 1048576K
}
Event: 1525.224 GC heap before
{Heap before GC invocations=58 (full 4):
 PSYoungGen      total 278528K, used 221696K [0x00000000e0000000, 0x00000000f6780000, 0x0000000100000000)
  eden space 221696K, 100% used [0x00000000e0000000,0x00000000ed880000,0x00000000ed880000)
  from space 56832K, 0% used [0x00000000ed880000,0x00000000ed880000,0x00000000f1000000)
  to   space 55808K, 0% used [0x00000000f3100000,0x00000000f3100000,0x00000000f6780000)
 ParOldGen       total 109056K, used 85021K [0x00000000a0000000, 0x00000000a6a80000, 0x00000000e0000000)
  object space 109056K, 77% used [0x00000000a0000000,0x00000000a53076a8,0x00000000a6a80000)
 Metaspace       used 91805K, capacity 96420K, committed 98136K, reserved 1134592K
  class space    used 11429K, capacity 12524K, committed 12888K, reserved 1048576K
Event: 1525.253 GC heap after
Heap after GC invocations=58 (full 4):
 PSYoungGen      total 311808K, used 6976K [0x00000000e0000000, 0x00000000f6880000, 0x0000000100000000)
  eden space 256000K, 0% used [0x00000000e0000000,0x00000000e0000000,0x00000000efa00000)
  from space 55808K, 12% used [0x00000000f3100000,0x00000000f37d0030,0x00000000f6780000)
  to   space 56320K, 0% used [0x00000000efa00000,0x00000000efa00000,0x00000000f3100000)
 ParOldGen       total 109056K, used 85021K [0x00000000a0000000, 0x00000000a6a80000, 0x00000000e0000000)
  object space 109056K, 77% used [0x00000000a0000000,0x00000000a53076a8,0x00000000a6a80000)
 Metaspace       used 91805K, capacity 96420K, committed 98136K, reserved 1134592K
  class space    used 11429K, capacity 12524K, committed 12888K, reserved 1048576K
}
Event: 1526.541 GC heap before
{Heap before GC invocations=59 (full 4):
 PSYoungGen      total 311808K, used 262976K [0x00000000e0000000, 0x00000000f6880000, 0x0000000100000000)
  eden space 256000K, 100% used [0x00000000e0000000,0x00000000efa00000,0x00000000efa00000)
  from space 55808K, 12% used [0x00000000f3100000,0x00000000f37d0030,0x00000000f6780000)
  to   space 56320K, 0% used [0x00000000efa00000,0x00000000efa00000,0x00000000f3100000)
 ParOldGen       total 109056K, used 85021K [0x00000000a0000000, 0x00000000a6a80000, 0x00000000e0000000)
  object space 109056K, 77% used [0x00000000a0000000,0x00000000a53076a8,0x00000000a6a80000)
 Metaspace       used 91806K, capacity 96420K, committed 98136K, reserved 1134592K
  class space    used 11429K, capacity 12524K, committed 12888K, reserved 1048576K
Event: 1526.569 GC heap after
Heap after GC invocations=59 (full 4):
 PSYoungGen      total 312320K, used 14256K [0x00000000e0000000, 0x00000000f6880000, 0x0000000100000000)
  eden space 256000K, 0% used [0x00000000e0000000,0x00000000e0000000,0x00000000efa00000)
  from space 56320K, 25% used [0x00000000efa00000,0x00000000f07ec040,0x00000000f3100000)
  to   space 55808K, 0% used [0x00000000f3100000,0x00000000f3100000,0x00000000f6780000)
 ParOldGen       total 109056K, used 85021K [0x00000000a0000000, 0x00000000a6a80000, 0x00000000e0000000)
  object space 109056K, 77% used [0x00000000a0000000,0x00000000a53076a8,0x00000000a6a80000)
 Metaspace       used 91806K, capacity 96420K, committed 98136K, reserved 1134592K
  class space    used 11429K, capacity 12524K, committed 12888K, reserved 1048576K
}

Deoptimization events (10 events):
Event: 1518.836 Thread 0x000000001b268000 Uncommon trap: reason=class_check action=maybe_recompile pc=0x0000000006383be4 method=com.android.tools.r8.ir.optimize.CodeRewriter.rewriteMoveResult(Lcom/android/tools/r8/ir/code/IRCode;)V @ 130
Event: 1519.846 Thread 0x000000001b269800 Uncommon trap: reason=unstable_if action=reinterpret pc=0x0000000006353d78 method=com.android.tools.r8.org.objectweb.asm.ClassReader.readCode(Lcom/android/tools/r8/org/objectweb/asm/MethodVisitor;Lcom/android/tools/r8/org/objectweb/asm/Context;I)V @ 770
Event: 1520.119 Thread 0x000000001b269800 Uncommon trap: reason=unstable_if action=reinterpret pc=0x0000000006135280 method=com.android.tools.r8.it.unimi.dsi.fastutil.ints.Int2ReferenceOpenHashMap.insert(ILjava/lang/Object;)I @ 8
Event: 1520.178 Thread 0x000000001b266800 Uncommon trap: reason=bimorphic action=maybe_recompile pc=0x0000000005a26ebc method=com.android.tools.r8.com.google.common.collect.AbstractIndexedListIterator.next()Ljava/lang/Object; @ 27
Event: 1520.181 Thread 0x000000001b266800 Uncommon trap: reason=bimorphic action=maybe_recompile pc=0x0000000005a26ebc method=com.android.tools.r8.com.google.common.collect.AbstractIndexedListIterator.next()Ljava/lang/Object; @ 27
Event: 1520.197 Thread 0x000000001b269800 Uncommon trap: reason=bimorphic action=maybe_recompile pc=0x0000000005a26ebc method=com.android.tools.r8.com.google.common.collect.AbstractIndexedListIterator.next()Ljava/lang/Object; @ 27
Event: 1520.197 Thread 0x000000001b269800 Uncommon trap: reason=bimorphic action=maybe_recompile pc=0x0000000005a26ebc method=com.android.tools.r8.com.google.common.collect.AbstractIndexedListIterator.next()Ljava/lang/Object; @ 27
Event: 1525.673 Thread 0x000000001b269800 Uncommon trap: reason=unstable_if action=reinterpret pc=0x000000000293378c method=java.util.Arrays.equals([Ljava/lang/Object;[Ljava/lang/Object;)Z @ 47
Event: 1526.365 Thread 0x000000001b266800 Uncommon trap: reason=unstable_if action=reinterpret pc=0x00000000058356c4 method=com.android.tools.r8.ir.regalloc.LinearScanRegisterAllocator.allocateSingleInterval(Lcom/android/tools/r8/ir/regalloc/LiveIntervals;Lcom/android/tools/r8/ir/regalloc/LinearS
Event: 1526.823 Thread 0x000000001b26b000 Uncommon trap: reason=unstable_if action=reinterpret pc=0x0000000005af62d0 method=com.android.tools.r8.ir.code.Position.equals(Ljava/lang/Object;)Z @ 34

Classes redefined (0 events):
No events

Internal exceptions (10 events):
Event: 1509.628 Thread 0x000000001c47b000 Exception <a 'sun/nio/fs/WindowsException'> (0x00000000e17bfce0) thrown at [D:\src\AOSP-openjdk-cygwin\jdk8u\hotspot\src\share\vm\prims\jni.cpp, line 709]
Event: 1509.771 Thread 0x000000001c47b000 Exception <a 'sun/nio/fs/WindowsException'> (0x00000000e17f8348) thrown at [D:\src\AOSP-openjdk-cygwin\jdk8u\hotspot\src\share\vm\prims\jni.cpp, line 709]
Event: 1509.894 Thread 0x000000001c47b000 Exception <a 'sun/nio/fs/WindowsException'> (0x00000000e1847b10) thrown at [D:\src\AOSP-openjdk-cygwin\jdk8u\hotspot\src\share\vm\prims\jni.cpp, line 709]
Event: 1509.988 Thread 0x000000001c47b000 Exception <a 'sun/nio/fs/WindowsException'> (0x00000000e1878ad8) thrown at [D:\src\AOSP-openjdk-cygwin\jdk8u\hotspot\src\share\vm\prims\jni.cpp, line 709]
Event: 1509.989 Thread 0x000000001c47b000 Exception <a 'sun/nio/fs/WindowsException'> (0x00000000e1879618) thrown at [D:\src\AOSP-openjdk-cygwin\jdk8u\hotspot\src\share\vm\prims\jni.cpp, line 709]
Event: 1509.989 Thread 0x000000001c47b000 Exception <a 'sun/nio/fs/WindowsException'> (0x00000000e187ab68) thrown at [D:\src\AOSP-openjdk-cygwin\jdk8u\hotspot\src\share\vm\prims\jni.cpp, line 709]
Event: 1512.319 Thread 0x000000001c47e800 Implicit null exception at 0x000000000626cf3f to 0x0000000006271a7d
Event: 1512.320 Thread 0x000000001c481000 Implicit null exception at 0x0000000005aebfe6 to 0x0000000005aec059
Event: 1512.321 Thread 0x000000001c481000 Implicit null exception at 0x0000000005aada5c to 0x0000000005aadab1
Event: 1513.018 Thread 0x000000001b268000 Implicit null exception at 0x0000000004bc100e to 0x0000000004bc2f79

Events (10 events):
Event: 1527.257 Thread 0x000000001b268000 Thread added: 0x000000001b268000
Event: 1527.257 Thread 0x000000001b261800 Thread added: 0x000000001b261800
Event: 1527.261 Thread 0x000000001b266800 Thread exited: 0x000000001b266800
Event: 1527.261 Thread 0x000000001b269000 Thread exited: 0x000000001b269000
Event: 1527.269 Executing VM operation: RevokeBias
Event: 1527.270 Executing VM operation: RevokeBias done
Event: 1527.270 Executing VM operation: RevokeBias
Event: 1527.270 Executing VM operation: RevokeBias done
Event: 1527.290 Executing VM operation: RevokeBias
Event: 1527.291 Executing VM operation: RevokeBias done


Dynamic libraries:
0x00007ff6ecc60000 - 0x00007ff6ecc91000 	C:\Users\Dell\Desktop\Android Studio\jre\bin\java.exe
0x00007fffbfb50000 - 0x00007fffbfd31000 	C:\WINDOWS\SYSTEM32\ntdll.dll
0x00007fffbde80000 - 0x00007fffbdf32000 	C:\WINDOWS\System32\KERNEL32.DLL
0x00007fffbcd00000 - 0x00007fffbcf73000 	C:\WINDOWS\System32\KERNELBASE.dll
0x00007fffbf660000 - 0x00007fffbf701000 	C:\WINDOWS\System32\ADVAPI32.dll
0x00007fffbf5c0000 - 0x00007fffbf65e000 	C:\WINDOWS\System32\msvcrt.dll
0x00007fffbd840000 - 0x00007fffbd89b000 	C:\WINDOWS\System32\sechost.dll
0x00007fffbf730000 - 0x00007fffbf854000 	C:\WINDOWS\System32\RPCRT4.dll
0x00007fffbd4a0000 - 0x00007fffbd630000 	C:\WINDOWS\System32\USER32.dll
0x00007fffbcce0000 - 0x00007fffbcd00000 	C:\WINDOWS\System32\win32u.dll
0x00007fffbd470000 - 0x00007fffbd498000 	C:\WINDOWS\System32\GDI32.dll
0x00007fffbc190000 - 0x00007fffbc322000 	C:\WINDOWS\System32\gdi32full.dll
0x00007fffbcaf0000 - 0x00007fffbcb8f000 	C:\WINDOWS\System32\msvcp_win.dll
0x00007fffbcb90000 - 0x00007fffbcc8a000 	C:\WINDOWS\System32\ucrtbase.dll
0x00007fffb0ba0000 - 0x00007fffb0e09000 	C:\WINDOWS\WinSxS\amd64_microsoft.windows.common-controls_6595b64144ccf1df_6.0.17134.345_none_fb429a5930656358\COMCTL32.dll
0x00007fffbcfe0000 - 0x00007fffbd303000 	C:\WINDOWS\System32\combase.dll
0x00007fffbbf20000 - 0x00007fffbbf9a000 	C:\WINDOWS\System32\bcryptPrimitives.dll
0x00007fffbf520000 - 0x00007fffbf54d000 	C:\WINDOWS\System32\IMM32.DLL
0x0000000063d80000 - 0x0000000063e52000 	C:\Users\Dell\Desktop\Android Studio\jre\jre\bin\msvcr100.dll
0x0000000063ee0000 - 0x000000006471f000 	C:\Users\Dell\Desktop\Android Studio\jre\jre\bin\server\jvm.dll
0x00007fffbdf40000 - 0x00007fffbdf48000 	C:\WINDOWS\System32\PSAPI.DLL
0x00007fffaa060000 - 0x00007fffaa069000 	C:\WINDOWS\SYSTEM32\WSOCK32.dll
0x00007fffbfab0000 - 0x00007fffbfb1c000 	C:\WINDOWS\System32\WS2_32.dll
0x00007fffb0e20000 - 0x00007fffb0e2a000 	C:\WINDOWS\SYSTEM32\VERSION.dll
0x00007fffb98c0000 - 0x00007fffb98e3000 	C:\WINDOWS\SYSTEM32\WINMM.dll
0x00007fffb9890000 - 0x00007fffb98ba000 	C:\WINDOWS\SYSTEM32\WINMMBASE.dll
0x00007fffbcc90000 - 0x00007fffbccd9000 	C:\WINDOWS\System32\cfgmgr32.dll
0x00007fffa8f10000 - 0x00007fffa8f1f000 	C:\Users\Dell\Desktop\Android Studio\jre\jre\bin\verify.dll
0x00007fff936a0000 - 0x00007fff936c9000 	C:\Users\Dell\Desktop\Android Studio\jre\jre\bin\java.dll
0x00007fff93680000 - 0x00007fff93696000 	C:\Users\Dell\Desktop\Android Studio\jre\jre\bin\zip.dll
0x00007fffbe0e0000 - 0x00007fffbf51f000 	C:\WINDOWS\System32\SHELL32.dll
0x00007fffbf860000 - 0x00007fffbf909000 	C:\WINDOWS\System32\shcore.dll
0x00007fffbc3e0000 - 0x00007fffbcaed000 	C:\WINDOWS\System32\windows.storage.dll
0x00007fffbd690000 - 0x00007fffbd6e1000 	C:\WINDOWS\System32\shlwapi.dll
0x00007fffbbf00000 - 0x00007fffbbf11000 	C:\WINDOWS\System32\kernel.appcore.dll
0x00007fffbbec0000 - 0x00007fffbbedf000 	C:\WINDOWS\System32\profapi.dll
0x00007fffbbe70000 - 0x00007fffbbebc000 	C:\WINDOWS\System32\powrprof.dll
0x00007fffbbe60000 - 0x00007fffbbe6a000 	C:\WINDOWS\System32\FLTLIB.DLL
0x00007fff93500000 - 0x00007fff9351a000 	C:\Users\Dell\Desktop\Android Studio\jre\jre\bin\net.dll
0x00007fffbb6e0000 - 0x00007fffbb746000 	C:\WINDOWS\system32\mswsock.dll
0x00007fff92670000 - 0x00007fff92681000 	C:\Users\Dell\Desktop\Android Studio\jre\jre\bin\nio.dll
0x00007fffb16e0000 - 0x00007fffb16fe000 	C:\Users\Dell\.gradle\native\25\windows-amd64\native-platform.dll
0x00007fffa6980000 - 0x00007fffa698d000 	C:\Users\Dell\Desktop\Android Studio\jre\jre\bin\management.dll
0x00007fffbb890000 - 0x00007fffbb8a7000 	C:\WINDOWS\SYSTEM32\CRYPTSP.dll
0x00007fffbb260000 - 0x00007fffbb293000 	C:\WINDOWS\system32\rsaenh.dll
0x00007fffbb9c0000 - 0x00007fffbb9e5000 	C:\WINDOWS\SYSTEM32\bcrypt.dll
0x00007fffbbd90000 - 0x00007fffbbdb8000 	C:\WINDOWS\SYSTEM32\USERENV.dll
0x00007fffbb8b0000 - 0x00007fffbb8bb000 	C:\WINDOWS\SYSTEM32\CRYPTBASE.dll
0x00007fffbb460000 - 0x00007fffbb498000 	C:\WINDOWS\SYSTEM32\IPHLPAPI.DLL
0x00007fffbf5b0000 - 0x00007fffbf5b8000 	C:\WINDOWS\System32\NSI.dll
0x00007fffb2da0000 - 0x00007fffb2db6000 	C:\WINDOWS\SYSTEM32\dhcpcsvc6.DLL
0x00007fffb2de0000 - 0x00007fffb2dfa000 	C:\WINDOWS\SYSTEM32\dhcpcsvc.DLL
0x00007fff90ae0000 - 0x00007fff90b04000 	C:\Users\Dell\Desktop\Android Studio\jre\jre\bin\sunec.dll
0x00007fffbb4a0000 - 0x00007fffbb55e000 	C:\WINDOWS\SYSTEM32\DNSAPI.dll
0x00007fffb2420000 - 0x00007fffb242a000 	C:\Windows\System32\rasadhlp.dll
0x00007fffb24a0000 - 0x00007fffb2512000 	C:\WINDOWS\System32\fwpuclnt.dll
0x00007fffb87d0000 - 0x00007fffb87db000 	C:\Users\Dell\Desktop\Android Studio\jre\jre\bin\sunmscapi.dll
0x00007fffbbfa0000 - 0x00007fffbc182000 	C:\WINDOWS\System32\CRYPT32.dll
0x00007fffbbee0000 - 0x00007fffbbef2000 	C:\WINDOWS\System32\MSASN1.dll
0x00007fff8f870000 - 0x00007fff8fa06000 	C:\Users\Dell\Desktop\Android Studio\jre\jre\bin\awt.dll
0x00007fffbd770000 - 0x00007fffbd832000 	C:\WINDOWS\System32\OLEAUT32.dll
0x00007fffb9120000 - 0x00007fffb96e7000 	C:\WINDOWS\SYSTEM32\d2d1.dll
0x00007fffb9ef0000 - 0x00007fffb9f7b000 	C:\WINDOWS\SYSTEM32\apphelp.dll
0x00007fffba300000 - 0x00007fffba329000 	C:\WINDOWS\system32\DWMAPI.DLL
0x00007fffba070000 - 0x00007fffba108000 	C:\WINDOWS\system32\uxtheme.dll
0x00007fffbaf50000 - 0x00007fffbaf81000 	C:\WINDOWS\SYSTEM32\ntmarta.dll

VM Arguments:
jvm_args: -Xmx1536m -Dfile.encoding=windows-1252 -Duser.country=IN -Duser.language=en -Duser.variant 
java_command: org.gradle.launcher.daemon.bootstrap.GradleDaemon 4.4
java_class_path (initial): C:\Users\Dell\.gradle\wrapper\dists\gradle-4.4-all\9br9xq1tocpiv8o6njlyu5op1\gradle-4.4\lib\gradle-launcher-4.4.jar
Launcher Type: SUN_STANDARD

Environment Variables:
JAVA_HOME=C:\Program Files\Java\jdk-9.0.1
PATH=C:\ProgramData\Oracle\Java\javapath;C:\Program Files (x86)\Intel\iCLS Client\;C:\Program Files\Intel\iCLS Client\;C:\WINDOWS\system32;C:\WINDOWS;C:\WINDOWS\System32\Wbem;C:\WINDOWS\System32\WindowsPowerShell\v1.0\;C:\Program Files (x86)\Intel\Intel(R) Management Engine Components\DAL;C:\Program Files\Intel\Intel(R) Management Engine Components\DAL;C:\Program Files (x86)\Intel\Intel(R) Management Engine Components\IPT;C:\Program Files\Intel\Intel(R) Management Engine Components\IPT;C:\Program Files\Microsoft SQL Server\110\Tools\Binn\;C:\Program Files\Intel\WiFi\bin\;C:\Program Files\Common Files\Intel\WirelessCommon\;C:\Python27;C:\Program Files\nodejs\;C:\Program Files\Git\cmd;C:\Users\Dell\AppData\Local\Microsoft\WindowsApps;C:\Users\Dell\AppData\Roaming\npm;C:\adb;%SystemRoot%\system32;%SystemRoot%;%SystemRoot%\System32\Wbem;%SYSTEMROOT%\System32\WindowsPowerShell\v1.0\;%SYSTEMROOT%\System32\OpenSSH\;C:\Users\Dell\AppData\Local\Microsoft\WindowsApps;C:\Users\Dell\AppData\Roaming\npm;
USERNAME=Dell
OS=Windows_NT
PROCESSOR_IDENTIFIER=Intel64 Family 6 Model 61 Stepping 4, GenuineIntel



---------------  S Y S T E M  ---------------

OS: Windows 10.0 , 64 bit Build 17134 (10.0.17134.1)

CPU:total 4 (initial active 4) (2 cores per cpu, 2 threads per core) family 6 model 61 stepping 4, cmov, cx8, fxsr, mmx, sse, sse2, sse3, ssse3, sse4.1, sse4.2, popcnt, avx, avx2, aes, clmul, erms, 3dnowpref, lzcnt, ht, tsc, tscinvbit, bmi1, bmi2, adx

Memory: 4k page, physical 4102716k(258516k free), swap 5532220k(2164k free)

vm_info: OpenJDK 64-Bit Server VM (25.152-b02) for windows-amd64 JRE (1.8.0_152-release-1024-b02), built by "builder" with MS VC++ 10.0 (VS2010)

time: Fri Nov 09 14:53:29 2018
elapsed time: 1527 seconds (0d 0h 25m 27s)

