#
# There is insufficient memory for the Java Runtime Environment to continue.
# Native memory allocation (malloc) failed to allocate 32744 bytes for ChunkPool::allocate
# Possible reasons:
#   The system is out of physical RAM or swap space
#   In 32 bit mode, the process size limit was hit
# Possible solutions:
#   Reduce memory load on the system
#   Increase physical memory or swap space
#   Check if swap backing store is full
#   Use 64 bit Java on a 64 bit OS
#   Decrease Java heap size (-Xmx/-Xms)
#   Decrease number of Java threads
#   Decrease Java thread stack sizes (-Xss)
#   Set larger code cache with -XX:ReservedCodeCacheSize=
# This output file may be truncated or incomplete.
#
#  Out of Memory Error (allocation.cpp:273), pid=2968, tid=0x0000000000000838
#
# JRE version: OpenJDK Runtime Environment (8.0_152-b02) (build 1.8.0_152-release-1024-b02)
# Java VM: OpenJDK 64-Bit Server VM (25.152-b02 mixed mode windows-amd64 compressed oops)
# Failed to write core dump. Minidumps are not enabled by default on client versions of Windows
#

---------------  T H R E A D  ---------------

Current thread (0x00000000161a9000):  JavaThread "C2 CompilerThread0" daemon [_thread_in_native, id=2104, stack(0x00000000177e0000,0x00000000178e0000)]

Stack: [0x00000000177e0000,0x00000000178e0000]
[error occurred during error reporting (printing stack bounds), id 0xc0000005]

Native frames: (J=compiled Java code, j=interpreted, Vv=VM code, C=native code)


Current CompileTask:
C2: 898238 19190 %     4       com.android.tools.r8.org.objectweb.asm.ClassReader::readCode @ 74 (3575 bytes)


---------------  P R O C E S S  ---------------

Java Threads: ( => current thread )
  0x000000001eaf4800 JavaThread "pool-14-thread-2" [_thread_blocked, id=11016, stack(0x00000000347c0000,0x00000000348c0000)]
  0x000000001eaf3800 JavaThread "pool-12-thread-2" [_thread_blocked, id=288, stack(0x00000000346c0000,0x00000000347c0000)]
  0x000000001eaf3000 JavaThread "pool-13-thread-2" [_thread_blocked, id=7156, stack(0x00000000345c0000,0x00000000346c0000)]
  0x000000001eaeb800 JavaThread "pool-14-thread-1" [_thread_blocked, id=9092, stack(0x00000000344c0000,0x00000000345c0000)]
  0x000000001eaf1800 JavaThread "pool-13-thread-1" [_thread_blocked, id=3212, stack(0x00000000343c0000,0x00000000344c0000)]
  0x000000001eaed800 JavaThread "pool-12-thread-1" [_thread_blocked, id=3112, stack(0x00000000342c0000,0x00000000343c0000)]
  0x000000001eaf0800 JavaThread "ForkJoinPool.commonPool-worker-1" daemon [_thread_blocked, id=4548, stack(0x00000000340c0000,0x00000000341c0000)]
  0x000000001eaf2000 JavaThread "ForkJoinPool.commonPool-worker-0" daemon [_thread_in_native, id=10940, stack(0x0000000033fc0000,0x00000000340c0000)]
  0x000000001eaec000 JavaThread "ForkJoinPool.commonPool-worker-3" daemon [_thread_blocked, id=3852, stack(0x0000000033ec0000,0x0000000033fc0000)]
  0x000000001d7da000 JavaThread "Cache worker for Java compile cache (C:\Users\Dell\AndroidStudioProjects\Trial\.gradle\4.4\javaCompile)" [_thread_blocked, id=8216, stack(0x0000000032bc0000,0x0000000032cc0000)]
  0x000000001d7d7000 JavaThread "Task worker for ':' Thread 3" [_thread_blocked, id=784, stack(0x00000000310c0000,0x00000000311c0000)]
  0x000000001d7dd000 JavaThread "Task worker for ':' Thread 2" [_thread_blocked, id=4952, stack(0x0000000030fc0000,0x00000000310c0000)]
  0x000000001f029800 JavaThread "Task worker for ':'" [_thread_blocked, id=9368, stack(0x0000000030ec0000,0x0000000030fc0000)]
  0x000000001f028000 JavaThread "Cache worker for Build Output Cleanup Cache (C:\Users\Dell\AndroidStudioProjects\Trial\.gradle\buildOutputCleanup)" [_thread_blocked, id=3220, stack(0x0000000030dc0000,0x0000000030ec0000)]
  0x000000001f027800 JavaThread "Cache worker for task history cache (C:\Users\Dell\AndroidStudioProjects\Trial\.gradle\4.4\taskHistory)" [_thread_blocked, id=7436, stack(0x0000000030cc0000,0x0000000030dc0000)]
  0x000000001f029000 JavaThread "Cache worker for file content cache (C:\Users\Dell\AndroidStudioProjects\Trial\.gradle\4.4\fileContent)" [_thread_blocked, id=2900, stack(0x0000000030bc0000,0x0000000030cc0000)]
  0x000000001f01e800 JavaThread "build operations Thread 4" [_thread_blocked, id=1544, stack(0x0000000030ac0000,0x0000000030bc0000)]
  0x000000001f01d800 JavaThread "build operations Thread 3" [_thread_blocked, id=10196, stack(0x00000000309c0000,0x0000000030ac0000)]
  0x000000001f024800 JavaThread "build operations Thread 2" [_thread_blocked, id=2236, stack(0x00000000308c0000,0x00000000309c0000)]
  0x000000001f01c800 JavaThread "build operations" [_thread_blocked, id=3352, stack(0x00000000307c0000,0x00000000308c0000)]
  0x000000001f023800 JavaThread "Cache worker for Artifact transforms cache (C:\Users\Dell\.gradle\caches\transforms-1)" [_thread_blocked, id=2288, stack(0x00000000306c0000,0x00000000307c0000)]
  0x000000001f01c000 JavaThread "Cache worker for file hash cache (C:\Users\Dell\AndroidStudioProjects\Trial\.gradle\4.4\fileHashes)" [_thread_blocked, id=10904, stack(0x00000000305c0000,0x00000000306c0000)]
  0x000000001f020800 JavaThread "Asynchronous log dispatcher for DefaultDaemonConnection: socket connection from /127.0.0.1:52352 to /127.0.0.1:52522" [_thread_blocked, id=9284, stack(0x00000000303c0000,0x00000000304c0000)]
  0x000000001f022000 JavaThread "Daemon worker Thread 5" [_thread_blocked, id=6932, stack(0x00000000302c0000,0x00000000303c0000)]
  0x000000001f021800 JavaThread "Cancel handler" [_thread_blocked, id=1312, stack(0x00000000301c0000,0x00000000302c0000)]
  0x000000001f01a800 JavaThread "Handler for socket connection from /127.0.0.1:52352 to /127.0.0.1:52522" [_thread_in_native, id=10540, stack(0x00000000300c0000,0x00000000301c0000)]
  0x000000001f01f000 JavaThread "Daemon Thread 5" [_thread_blocked, id=5052, stack(0x000000002ffc0000,0x00000000300c0000)]
  0x000000001f020000 JavaThread "Java2D Disposer" daemon [_thread_blocked, id=2760, stack(0x000000002d4c0000,0x000000002d5c0000)]
  0x000000001c8bb000 JavaThread "Memory manager" [_thread_blocked, id=10836, stack(0x0000000020990000,0x0000000020a90000)]
  0x0000000019398000 JavaThread "File lock request listener" [_thread_in_native, id=7456, stack(0x000000001ac30000,0x000000001ad30000)]
  0x0000000019307000 JavaThread "Cache worker for file hash cache (C:\Users\Dell\.gradle\caches\4.4\fileHashes)" [_thread_blocked, id=5292, stack(0x000000001ab30000,0x000000001ac30000)]
  0x0000000018f5b000 JavaThread "Daemon periodic checks" [_thread_blocked, id=4168, stack(0x000000001a030000,0x000000001a130000)]
  0x0000000018f5a800 JavaThread "Incoming local TCP Connector on port 52352" [_thread_in_native, id=6612, stack(0x0000000019df0000,0x0000000019ef0000)]
  0x0000000017b0b000 JavaThread "Service Thread" daemon [_thread_blocked, id=4924, stack(0x0000000017ee0000,0x0000000017fe0000)]
  0x00000000161ab000 JavaThread "C1 CompilerThread2" daemon [_thread_blocked, id=5872, stack(0x00000000179e0000,0x0000000017ae0000)]
  0x000000001619d000 JavaThread "C2 CompilerThread1" daemon [_thread_blocked, id=6272, stack(0x00000000178e0000,0x00000000179e0000)]
=>0x00000000161a9000 JavaThread "C2 CompilerThread0" daemon [_thread_in_native, id=2104, stack(0x00000000177e0000,0x00000000178e0000)]
  0x00000000161a7800 JavaThread "Attach Listener" daemon [_thread_blocked, id=6620, stack(0x00000000176e0000,0x00000000177e0000)]
  0x00000000161a6800 JavaThread "Signal Dispatcher" daemon [_thread_blocked, id=10712, stack(0x00000000175e0000,0x00000000176e0000)]
  0x000000000282e000 JavaThread "Finalizer" daemon [_thread_blocked, id=1200, stack(0x00000000173f0000,0x00000000174f0000)]
  0x0000000002823000 JavaThread "Reference Handler" daemon [_thread_blocked, id=7904, stack(0x00000000172f0000,0x00000000173f0000)]
  0x000000000272e800 JavaThread "main" [_thread_blocked, id=4304, stack(0x00000000025f0000,0x00000000026f0000)]

Other Threads:
  0x0000000016165800 VMThread [stack: 0x00000000171f0000,0x00000000172f0000] [id=3460]
  0x0000000017b0b800 WatcherThread [stack: 0x0000000017fe0000,0x00000000180e0000] [id=6084]

VM state:not at safepoint (normal execution)

VM Mutex/Monitor currently owned by a thread: None

Heap:
 PSYoungGen      total 452096K, used 224240K [0x00000000e0000000, 0x0000000100000000, 0x0000000100000000)
  eden space 421376K, 48% used [0x00000000e0000000,0x00000000ec918160,0x00000000f9b80000)
  from space 30720K, 59% used [0x00000000f9b80000,0x00000000fad64090,0x00000000fb980000)
  to   space 30720K, 0% used [0x00000000fe200000,0x00000000fe200000,0x0000000100000000)
 ParOldGen       total 134656K, used 87934K [0x00000000a0000000, 0x00000000a8380000, 0x00000000e0000000)
  object space 134656K, 65% used [0x00000000a0000000,0x00000000a55dfb28,0x00000000a8380000)
 Metaspace       used 120538K, capacity 126238K, committed 126412K, reserved 1159168K
  class space    used 15195K, capacity 16538K, committed 16640K, reserved 1048576K

Card table byte_map: [0x0000000011bf0000,0x0000000011f00000] byte_map_base: 0x00000000116f0000

Marking Bits: (ParMarkBitMap*) 0x00000000646a4970
 Begin Bits: [0x0000000012500000, 0x0000000013d00000)
 End Bits:   [0x0000000013d00000, 0x0000000015500000)

Polling page: 0x0000000000860000

CodeCache: size=245760Kb used=55087Kb max_used=55099Kb free=190672Kb
 bounds [0x0000000002830000, 0x0000000005e50000, 0x0000000011830000]
 total_blobs=16416 nmethods=15459 adapters=868
 compilation: enabled

Compilation events (10 events):
Event: 897.571 Thread 0x00000000161ab000 nmethod 19285 0x0000000005837650 code [0x00000000058377c0, 0x0000000005837990]
Event: 897.571 Thread 0x00000000161ab000 19286       3       com.android.tools.r8.utils.ProgramClassCollection$$Lambda$937/1734518528::get$Lambda (9 bytes)
Event: 897.571 Thread 0x00000000161ab000 nmethod 19286 0x0000000005812410 code [0x0000000005812580, 0x00000000058127d0]
Event: 897.571 Thread 0x00000000161ab000 19287   !   3       java.util.concurrent.ConcurrentHashMap::merge (526 bytes)
Event: 897.576 Thread 0x00000000161ab000 nmethod 19287 0x0000000005e3b450 code [0x0000000005e3b7a0, 0x0000000005e3d988]
Event: 897.586 Thread 0x000000001619d000 nmethod 19278 0x0000000005e428d0 code [0x0000000005e42a40, 0x0000000005e43758]
Event: 897.586 Thread 0x000000001619d000 19283       4       com.android.tools.r8.org.objectweb.asm.MethodVisitor::visitLocalVariable (24 bytes)
Event: 897.587 Thread 0x000000001619d000 nmethod 19283 0x000000000584d950 code [0x000000000584da80, 0x000000000584db18]
Event: 897.587 Thread 0x000000001619d000 19279       4       com.android.tools.r8.org.objectweb.asm.ClassReader::readClass (7 bytes)
Event: 897.589 Thread 0x000000001619d000 nmethod 19279 0x0000000005e3f6d0 code [0x0000000005e3f820, 0x0000000005e3f968]

GC Heap History (10 events):
Event: 401.013 GC heap before
{Heap before GC invocations=25 (full 4):
 PSYoungGen      total 322560K, used 302080K [0x00000000e0000000, 0x00000000f5900000, 0x0000000100000000)
  eden space 302080K, 100% used [0x00000000e0000000,0x00000000f2700000,0x00000000f2700000)
  from space 20480K, 0% used [0x00000000f4500000,0x00000000f4500000,0x00000000f5900000)
  to   space 25600K, 0% used [0x00000000f2700000,0x00000000f2700000,0x00000000f4000000)
 ParOldGen       total 134656K, used 72954K [0x00000000a0000000, 0x00000000a8380000, 0x00000000e0000000)
  object space 134656K, 54% used [0x00000000a0000000,0x00000000a473ea98,0x00000000a8380000)
 Metaspace       used 100621K, capacity 104914K, committed 105036K, reserved 1140736K
  class space    used 13083K, capacity 14122K, committed 14208K, reserved 1048576K
Event: 401.059 GC heap after
Heap after GC invocations=25 (full 4):
 PSYoungGen      total 327680K, used 22139K [0x00000000e0000000, 0x00000000fa080000, 0x0000000100000000)
  eden space 302080K, 0% used [0x00000000e0000000,0x00000000e0000000,0x00000000f2700000)
  from space 25600K, 86% used [0x00000000f2700000,0x00000000f3c9efc0,0x00000000f4000000)
  to   space 28160K, 0% used [0x00000000f8500000,0x00000000f8500000,0x00000000fa080000)
 ParOldGen       total 134656K, used 72962K [0x00000000a0000000, 0x00000000a8380000, 0x00000000e0000000)
  object space 134656K, 54% used [0x00000000a0000000,0x00000000a4740a98,0x00000000a8380000)
 Metaspace       used 100621K, capacity 104914K, committed 105036K, reserved 1140736K
  class space    used 13083K, capacity 14122K, committed 14208K, reserved 1048576K
}
Event: 419.890 GC heap before
{Heap before GC invocations=26 (full 4):
 PSYoungGen      total 327680K, used 324219K [0x00000000e0000000, 0x00000000fa080000, 0x0000000100000000)
  eden space 302080K, 100% used [0x00000000e0000000,0x00000000f2700000,0x00000000f2700000)
  from space 25600K, 86% used [0x00000000f2700000,0x00000000f3c9efc0,0x00000000f4000000)
  to   space 28160K, 0% used [0x00000000f8500000,0x00000000f8500000,0x00000000fa080000)
 ParOldGen       total 134656K, used 72962K [0x00000000a0000000, 0x00000000a8380000, 0x00000000e0000000)
  object space 134656K, 54% used [0x00000000a0000000,0x00000000a4740a98,0x00000000a8380000)
 Metaspace       used 106585K, capacity 110994K, committed 111308K, reserved 1146880K
  class space    used 13632K, capacity 14730K, committed 14848K, reserved 1048576K
Event: 419.969 GC heap after
Heap after GC invocations=26 (full 4):
 PSYoungGen      total 393216K, used 25306K [0x00000000e0000000, 0x00000000fa180000, 0x0000000100000000)
  eden space 365056K, 0% used [0x00000000e0000000,0x00000000e0000000,0x00000000f6480000)
  from space 28160K, 89% used [0x00000000f8500000,0x00000000f9db68f8,0x00000000fa080000)
  to   space 31232K, 0% used [0x00000000f6480000,0x00000000f6480000,0x00000000f8300000)
 ParOldGen       total 134656K, used 86561K [0x00000000a0000000, 0x00000000a8380000, 0x00000000e0000000)
  object space 134656K, 64% used [0x00000000a0000000,0x00000000a54885a8,0x00000000a8380000)
 Metaspace       used 106585K, capacity 110994K, committed 111308K, reserved 1146880K
  class space    used 13632K, capacity 14730K, committed 14848K, reserved 1048576K
}
Event: 520.646 GC heap before
{Heap before GC invocations=27 (full 4):
 PSYoungGen      total 393216K, used 390362K [0x00000000e0000000, 0x00000000fa180000, 0x0000000100000000)
  eden space 365056K, 100% used [0x00000000e0000000,0x00000000f6480000,0x00000000f6480000)
  from space 28160K, 89% used [0x00000000f8500000,0x00000000f9db68f8,0x00000000fa080000)
  to   space 31232K, 0% used [0x00000000f6480000,0x00000000f6480000,0x00000000f8300000)
 ParOldGen       total 134656K, used 86561K [0x00000000a0000000, 0x00000000a8380000, 0x00000000e0000000)
  object space 134656K, 64% used [0x00000000a0000000,0x00000000a54885a8,0x00000000a8380000)
 Metaspace       used 108549K, capacity 113314K, committed 113612K, reserved 1148928K
  class space    used 13814K, capacity 14976K, committed 15104K, reserved 1048576K
Event: 520.670 GC heap after
Heap after GC invocations=27 (full 4):
 PSYoungGen      total 396288K, used 9971K [0x00000000e0000000, 0x00000000fe000000, 0x0000000100000000)
  eden space 365056K, 0% used [0x00000000e0000000,0x00000000e0000000,0x00000000f6480000)
  from space 31232K, 31% used [0x00000000f6480000,0x00000000f6e3ced8,0x00000000f8300000)
  to   space 30208K, 0% used [0x00000000fc280000,0x00000000fc280000,0x00000000fe000000)
 ParOldGen       total 134656K, used 87910K [0x00000000a0000000, 0x00000000a8380000, 0x00000000e0000000)
  object space 134656K, 65% used [0x00000000a0000000,0x00000000a55d9b28,0x00000000a8380000)
 Metaspace       used 108549K, capacity 113314K, committed 113612K, reserved 1148928K
  class space    used 13814K, capacity 14976K, committed 15104K, reserved 1048576K
}
Event: 863.567 GC heap before
{Heap before GC invocations=28 (full 4):
 PSYoungGen      total 396288K, used 374296K [0x00000000e0000000, 0x00000000fe000000, 0x0000000100000000)
  eden space 365056K, 99% used [0x00000000e0000000,0x00000000f63c92c8,0x00000000f6480000)
  from space 31232K, 31% used [0x00000000f6480000,0x00000000f6e3ced8,0x00000000f8300000)
  to   space 30208K, 0% used [0x00000000fc280000,0x00000000fc280000,0x00000000fe000000)
 ParOldGen       total 134656K, used 87910K [0x00000000a0000000, 0x00000000a8380000, 0x00000000e0000000)
  object space 134656K, 65% used [0x00000000a0000000,0x00000000a55d9b28,0x00000000a8380000)
 Metaspace       used 116473K, capacity 121672K, committed 121932K, reserved 1155072K
  class space    used 14724K, capacity 15957K, committed 16000K, reserved 1048576K
Event: 863.632 GC heap after
Heap after GC invocations=28 (full 4):
 PSYoungGen      total 442880K, used 19288K [0x00000000e0000000, 0x00000000fd780000, 0x0000000100000000)
  eden space 421376K, 0% used [0x00000000e0000000,0x00000000e0000000,0x00000000f9b80000)
  from space 21504K, 89% used [0x00000000fc280000,0x00000000fd556140,0x00000000fd780000)
  to   space 30720K, 0% used [0x00000000f9b80000,0x00000000f9b80000,0x00000000fb980000)
 ParOldGen       total 134656K, used 87926K [0x00000000a0000000, 0x00000000a8380000, 0x00000000e0000000)
  object space 134656K, 65% used [0x00000000a0000000,0x00000000a55ddb28,0x00000000a8380000)
 Metaspace       used 116473K, capacity 121672K, committed 121932K, reserved 1155072K
  class space    used 14724K, capacity 15957K, committed 16000K, reserved 1048576K
}
Event: 874.437 GC heap before
{Heap before GC invocations=29 (full 4):
 PSYoungGen      total 442880K, used 440664K [0x00000000e0000000, 0x00000000fd780000, 0x0000000100000000)
  eden space 421376K, 100% used [0x00000000e0000000,0x00000000f9b80000,0x00000000f9b80000)
  from space 21504K, 89% used [0x00000000fc280000,0x00000000fd556140,0x00000000fd780000)
  to   space 30720K, 0% used [0x00000000f9b80000,0x00000000f9b80000,0x00000000fb980000)
 ParOldGen       total 134656K, used 87926K [0x00000000a0000000, 0x00000000a8380000, 0x00000000e0000000)
  object space 134656K, 65% used [0x00000000a0000000,0x00000000a55ddb28,0x00000000a8380000)
 Metaspace       used 117071K, capacity 122398K, committed 122572K, reserved 1155072K
  class space    used 14817K, capacity 16082K, committed 16128K, reserved 1048576K
Event: 874.488 GC heap after
Heap after GC invocations=29 (full 4):
 PSYoungGen      total 452096K, used 18320K [0x00000000e0000000, 0x0000000100000000, 0x0000000100000000)
  eden space 421376K, 0% used [0x00000000e0000000,0x00000000e0000000,0x00000000f9b80000)
  from space 30720K, 59% used [0x00000000f9b80000,0x00000000fad64090,0x00000000fb980000)
  to   space 30720K, 0% used [0x00000000fe200000,0x00000000fe200000,0x0000000100000000)
 ParOldGen       total 134656K, used 87934K [0x00000000a0000000, 0x00000000a8380000, 0x00000000e0000000)
  object space 134656K, 65% used [0x00000000a0000000,0x00000000a55dfb28,0x00000000a8380000)
 Metaspace       used 117071K, capacity 122398K, committed 122572K, reserved 1155072K
  class space    used 14817K, capacity 16082K, committed 16128K, reserved 1048576K
}

Deoptimization events (10 events):
Event: 896.823 Thread 0x000000001eaf1800 Uncommon trap: reason=bimorphic action=maybe_recompile pc=0x0000000005d4d8c4 method=java.util.concurrent.FutureTask.run()V @ 42
Event: 896.823 Thread 0x000000001eaeb800 Uncommon trap: reason=bimorphic action=maybe_recompile pc=0x0000000005d4d8c4 method=java.util.concurrent.FutureTask.run()V @ 42
Event: 896.823 Thread 0x000000001eaf3000 Uncommon trap: reason=bimorphic action=maybe_recompile pc=0x0000000005d4d8c4 method=java.util.concurrent.FutureTask.run()V @ 42
Event: 896.823 Thread 0x000000001eaf4800 Uncommon trap: reason=bimorphic action=maybe_recompile pc=0x0000000005d4d8c4 method=java.util.concurrent.FutureTask.run()V @ 42
Event: 897.200 Thread 0x000000001eaf4800 Uncommon trap: reason=unstable_if action=reinterpret pc=0x000000000521502c method=java.util.concurrent.ConcurrentHashMap.putVal(Ljava/lang/Object;Ljava/lang/Object;Z)Ljava/lang/Object; @ 113
Event: 897.209 Thread 0x000000001eaf1800 Uncommon trap: reason=unstable_if action=reinterpret pc=0x0000000003823004 method=java.util.concurrent.ConcurrentHashMap.addCount(JI)V @ 168
Event: 897.210 Thread 0x000000001eaf1800 Uncommon trap: reason=unstable_if action=reinterpret pc=0x0000000002cbad10 method=java.util.concurrent.ConcurrentHashMap.transfer([Ljava/util/concurrent/ConcurrentHashMap$Node;[Ljava/util/concurrent/ConcurrentHashMap$Node;)V @ 34
Event: 897.210 Thread 0x000000001eaf3000 Uncommon trap: reason=unstable_if action=reinterpret pc=0x0000000002cbad40 method=java.util.concurrent.ConcurrentHashMap.transfer([Ljava/util/concurrent/ConcurrentHashMap$Node;[Ljava/util/concurrent/ConcurrentHashMap$Node;)V @ 277
Event: 897.225 Thread 0x000000001eaf3800 Uncommon trap: reason=unstable_if action=reinterpret pc=0x0000000002cb2568 method=java.util.concurrent.ConcurrentHashMap.transfer([Ljava/util/concurrent/ConcurrentHashMap$Node;[Ljava/util/concurrent/ConcurrentHashMap$Node;)V @ 277
Event: 897.558 Thread 0x000000001eaf4800 Uncommon trap: reason=unstable_if action=reinterpret pc=0x000000000504bc80 method=com.android.tools.r8.utils.IdentifierUtils.isSimpleNameChar(C)Z @ 51

Classes redefined (0 events):
No events

Internal exceptions (10 events):
Event: 894.357 Thread 0x000000001f022000 Exception <a 'sun/nio/fs/WindowsException'> (0x00000000eb501118) thrown at [D:\src\AOSP-openjdk-cygwin\jdk8u\hotspot\src\share\vm\prims\jni.cpp, line 709]
Event: 894.364 Thread 0x000000001f022000 Exception <a 'sun/nio/fs/WindowsException'> (0x00000000eb52cb50) thrown at [D:\src\AOSP-openjdk-cygwin\jdk8u\hotspot\src\share\vm\prims\jni.cpp, line 709]
Event: 894.364 Thread 0x000000001f022000 Exception <a 'sun/nio/fs/WindowsException'> (0x00000000eb52da60) thrown at [D:\src\AOSP-openjdk-cygwin\jdk8u\hotspot\src\share\vm\prims\jni.cpp, line 709]
Event: 894.364 Thread 0x000000001f022000 Exception <a 'sun/nio/fs/WindowsException'> (0x00000000eb52fb10) thrown at [D:\src\AOSP-openjdk-cygwin\jdk8u\hotspot\src\share\vm\prims\jni.cpp, line 709]
Event: 894.371 Thread 0x000000001f022000 Exception <a 'sun/nio/fs/WindowsException'> (0x00000000eb55b680) thrown at [D:\src\AOSP-openjdk-cygwin\jdk8u\hotspot\src\share\vm\prims\jni.cpp, line 709]
Event: 894.371 Thread 0x000000001f022000 Exception <a 'sun/nio/fs/WindowsException'> (0x00000000eb55c590) thrown at [D:\src\AOSP-openjdk-cygwin\jdk8u\hotspot\src\share\vm\prims\jni.cpp, line 709]
Event: 894.371 Thread 0x000000001f022000 Exception <a 'sun/nio/fs/WindowsException'> (0x00000000eb55e640) thrown at [D:\src\AOSP-openjdk-cygwin\jdk8u\hotspot\src\share\vm\prims\jni.cpp, line 709]
Event: 894.378 Thread 0x000000001f022000 Exception <a 'sun/nio/fs/WindowsException'> (0x00000000eb58a200) thrown at [D:\src\AOSP-openjdk-cygwin\jdk8u\hotspot\src\share\vm\prims\jni.cpp, line 709]
Event: 894.378 Thread 0x000000001f022000 Exception <a 'sun/nio/fs/WindowsException'> (0x00000000eb58b110) thrown at [D:\src\AOSP-openjdk-cygwin\jdk8u\hotspot\src\share\vm\prims\jni.cpp, line 709]
Event: 894.378 Thread 0x000000001f022000 Exception <a 'sun/nio/fs/WindowsException'> (0x00000000eb58d1c0) thrown at [D:\src\AOSP-openjdk-cygwin\jdk8u\hotspot\src\share\vm\prims\jni.cpp, line 709]

Events (10 events):
Event: 897.582 loading class com/android/tools/r8/ir/conversion/CallGraph
Event: 897.582 loading class com/android/tools/r8/ir/conversion/CallGraph done
Event: 897.585 loading class com/android/tools/r8/ir/conversion/OptimizationFeedbackIgnore
Event: 897.585 loading class com/android/tools/r8/ir/conversion/OptimizationFeedbackIgnore done
Event: 897.585 loading class com/android/tools/r8/graph/GraphLense
Event: 897.585 loading class com/android/tools/r8/graph/GraphLense done
Event: 897.586 loading class com/android/tools/r8/graph/GraphLense$IdentityGraphLense
Event: 897.586 loading class com/android/tools/r8/graph/GraphLense$IdentityGraphLense done
Event: 897.586 loading class com/android/tools/r8/ir/optimize/CodeRewriter
Event: 897.586 loading class com/android/tools/r8/ir/optimize/CodeRewriter done


Dynamic libraries:
0x00007ff7a4de0000 - 0x00007ff7a4e11000 	C:\Users\Dell\Desktop\Android Studio\jre\bin\java.exe
0x00007fffbfb50000 - 0x00007fffbfd31000 	C:\WINDOWS\SYSTEM32\ntdll.dll
0x00007fffbde80000 - 0x00007fffbdf32000 	C:\WINDOWS\System32\KERNEL32.DLL
0x00007fffbcd00000 - 0x00007fffbcf73000 	C:\WINDOWS\System32\KERNELBASE.dll
0x00007fffbf660000 - 0x00007fffbf701000 	C:\WINDOWS\System32\ADVAPI32.dll
0x00007fffbf5c0000 - 0x00007fffbf65e000 	C:\WINDOWS\System32\msvcrt.dll
0x00007fffbd840000 - 0x00007fffbd89b000 	C:\WINDOWS\System32\sechost.dll
0x00007fffbf730000 - 0x00007fffbf854000 	C:\WINDOWS\System32\RPCRT4.dll
0x00007fffbd4a0000 - 0x00007fffbd630000 	C:\WINDOWS\System32\USER32.dll
0x00007fffbcce0000 - 0x00007fffbcd00000 	C:\WINDOWS\System32\win32u.dll
0x00007fffbd470000 - 0x00007fffbd498000 	C:\WINDOWS\System32\GDI32.dll
0x00007fffbc190000 - 0x00007fffbc322000 	C:\WINDOWS\System32\gdi32full.dll
0x00007fffbcaf0000 - 0x00007fffbcb8f000 	C:\WINDOWS\System32\msvcp_win.dll
0x00007fffbcb90000 - 0x00007fffbcc8a000 	C:\WINDOWS\System32\ucrtbase.dll
0x00007fffb0ba0000 - 0x00007fffb0e09000 	C:\WINDOWS\WinSxS\amd64_microsoft.windows.common-controls_6595b64144ccf1df_6.0.17134.345_none_fb429a5930656358\COMCTL32.dll
0x00007fffbcfe0000 - 0x00007fffbd303000 	C:\WINDOWS\System32\combase.dll
0x00007fffbbf20000 - 0x00007fffbbf9a000 	C:\WINDOWS\System32\bcryptPrimitives.dll
0x00007fffbf520000 - 0x00007fffbf54d000 	C:\WINDOWS\System32\IMM32.DLL
0x0000000063d80000 - 0x0000000063e52000 	C:\Users\Dell\Desktop\Android Studio\jre\jre\bin\msvcr100.dll
0x0000000063ee0000 - 0x000000006471f000 	C:\Users\Dell\Desktop\Android Studio\jre\jre\bin\server\jvm.dll
0x00007fffbdf40000 - 0x00007fffbdf48000 	C:\WINDOWS\System32\PSAPI.DLL
0x00007fffb98c0000 - 0x00007fffb98e3000 	C:\WINDOWS\SYSTEM32\WINMM.dll
0x00007fffb0e20000 - 0x00007fffb0e2a000 	C:\WINDOWS\SYSTEM32\VERSION.dll
0x00007fffaa060000 - 0x00007fffaa069000 	C:\WINDOWS\SYSTEM32\WSOCK32.dll
0x00007fffbfab0000 - 0x00007fffbfb1c000 	C:\WINDOWS\System32\WS2_32.dll
0x00007fffb9890000 - 0x00007fffb98ba000 	C:\WINDOWS\SYSTEM32\winmmbase.dll
0x00007fffbcc90000 - 0x00007fffbccd9000 	C:\WINDOWS\System32\cfgmgr32.dll
0x00007fffb8760000 - 0x00007fffb876f000 	C:\Users\Dell\Desktop\Android Studio\jre\jre\bin\verify.dll
0x00007fffb7610000 - 0x00007fffb7639000 	C:\Users\Dell\Desktop\Android Studio\jre\jre\bin\java.dll
0x00007fffb76a0000 - 0x00007fffb76b6000 	C:\Users\Dell\Desktop\Android Studio\jre\jre\bin\zip.dll
0x00007fffbe0e0000 - 0x00007fffbf51f000 	C:\WINDOWS\System32\SHELL32.dll
0x00007fffbf860000 - 0x00007fffbf909000 	C:\WINDOWS\System32\shcore.dll
0x00007fffbc3e0000 - 0x00007fffbcaed000 	C:\WINDOWS\System32\windows.storage.dll
0x00007fffbd690000 - 0x00007fffbd6e1000 	C:\WINDOWS\System32\shlwapi.dll
0x00007fffbbf00000 - 0x00007fffbbf11000 	C:\WINDOWS\System32\kernel.appcore.dll
0x00007fffbbec0000 - 0x00007fffbbedf000 	C:\WINDOWS\System32\profapi.dll
0x00007fffbbe70000 - 0x00007fffbbebc000 	C:\WINDOWS\System32\powrprof.dll
0x00007fffbbe60000 - 0x00007fffbbe6a000 	C:\WINDOWS\System32\FLTLIB.DLL
0x00007fffb7520000 - 0x00007fffb753a000 	C:\Users\Dell\Desktop\Android Studio\jre\jre\bin\net.dll
0x00007fffbb6e0000 - 0x00007fffbb746000 	C:\WINDOWS\system32\mswsock.dll
0x00007fffb7500000 - 0x00007fffb7511000 	C:\Users\Dell\Desktop\Android Studio\jre\jre\bin\nio.dll
0x00007fffb7650000 - 0x00007fffb766e000 	C:\Users\Dell\.gradle\native\25\windows-amd64\native-platform.dll
0x00007fffb8750000 - 0x00007fffb875d000 	C:\Users\Dell\Desktop\Android Studio\jre\jre\bin\management.dll
0x00007fffbb890000 - 0x00007fffbb8a7000 	C:\WINDOWS\SYSTEM32\CRYPTSP.dll
0x00007fffbb260000 - 0x00007fffbb293000 	C:\WINDOWS\system32\rsaenh.dll
0x00007fffbb9c0000 - 0x00007fffbb9e5000 	C:\WINDOWS\SYSTEM32\bcrypt.dll
0x00007fffbbd90000 - 0x00007fffbbdb8000 	C:\WINDOWS\SYSTEM32\USERENV.dll
0x00007fffbb8b0000 - 0x00007fffbb8bb000 	C:\WINDOWS\SYSTEM32\CRYPTBASE.dll
0x00007fffbb460000 - 0x00007fffbb498000 	C:\WINDOWS\SYSTEM32\IPHLPAPI.DLL
0x00007fffbf5b0000 - 0x00007fffbf5b8000 	C:\WINDOWS\System32\NSI.dll
0x00007fffb2da0000 - 0x00007fffb2db6000 	C:\WINDOWS\SYSTEM32\dhcpcsvc6.DLL
0x00007fffb2de0000 - 0x00007fffb2dfa000 	C:\WINDOWS\SYSTEM32\dhcpcsvc.DLL
0x00007fff9e5f0000 - 0x00007fff9e786000 	C:\Users\Dell\Desktop\Android Studio\jre\jre\bin\awt.dll
0x00007fffbd770000 - 0x00007fffbd832000 	C:\WINDOWS\System32\OLEAUT32.dll
0x00007fffb9120000 - 0x00007fffb96e7000 	C:\WINDOWS\SYSTEM32\d2d1.dll
0x00007fffb9ef0000 - 0x00007fffb9f7b000 	C:\WINDOWS\SYSTEM32\apphelp.dll
0x00007fffba300000 - 0x00007fffba329000 	C:\WINDOWS\system32\DWMAPI.DLL
0x00007fffba070000 - 0x00007fffba108000 	C:\WINDOWS\system32\uxtheme.dll
0x00007fffbaf50000 - 0x00007fffbaf81000 	C:\WINDOWS\SYSTEM32\ntmarta.dll

VM Arguments:
jvm_args: -Xmx1536m -Dfile.encoding=windows-1252 -Duser.country=IN -Duser.language=en -Duser.variant 
java_command: org.gradle.launcher.daemon.bootstrap.GradleDaemon 4.4
java_class_path (initial): C:\Users\Dell\.gradle\wrapper\dists\gradle-4.4-all\9br9xq1tocpiv8o6njlyu5op1\gradle-4.4\lib\gradle-launcher-4.4.jar
Launcher Type: SUN_STANDARD

Environment Variables:
JAVA_HOME=C:\Program Files\Java\jdk-9.0.1
PATH=C:\ProgramData\Oracle\Java\javapath;C:\Program Files (x86)\Intel\iCLS Client\;C:\Program Files\Intel\iCLS Client\;C:\WINDOWS\system32;C:\WINDOWS;C:\WINDOWS\System32\Wbem;C:\WINDOWS\System32\WindowsPowerShell\v1.0\;C:\Program Files (x86)\Intel\Intel(R) Management Engine Components\DAL;C:\Program Files\Intel\Intel(R) Management Engine Components\DAL;C:\Program Files (x86)\Intel\Intel(R) Management Engine Components\IPT;C:\Program Files\Intel\Intel(R) Management Engine Components\IPT;C:\Program Files\Microsoft SQL Server\110\Tools\Binn\;C:\Program Files\Intel\WiFi\bin\;C:\Program Files\Common Files\Intel\WirelessCommon\;C:\Python27;C:\Program Files\nodejs\;C:\Program Files\Git\cmd;C:\Users\Dell\AppData\Local\Microsoft\WindowsApps;C:\Users\Dell\AppData\Roaming\npm;C:\adb;%SystemRoot%\system32;%SystemRoot%;%SystemRoot%\System32\Wbem;%SYSTEMROOT%\System32\WindowsPowerShell\v1.0\;%SYSTEMROOT%\System32\OpenSSH\;C:\Users\Dell\AppData\Local\Microsoft\WindowsApps;C:\Users\Dell\AppData\Roaming\npm;
USERNAME=Dell
OS=Windows_NT
PROCESSOR_IDENTIFIER=Intel64 Family 6 Model 61 Stepping 4, GenuineIntel



---------------  S Y S T E M  ---------------

OS: Windows 10.0 , 64 bit Build 17134 (10.0.17134.1)

CPU:total 4 (initial active 4) (2 cores per cpu, 2 threads per core) family 6 model 61 stepping 4, cmov, cx8, fxsr, mmx, sse, sse2, sse3, ssse3, sse4.1, sse4.2, popcnt, avx, avx2, aes, clmul, erms, 3dnowpref, lzcnt, ht, tsc, tscinvbit, bmi1, bmi2, adx

Memory: 4k page, physical 4102716k(520344k free), swap 5532220k(124424k free)

vm_info: OpenJDK 64-Bit Server VM (25.152-b02) for windows-amd64 JRE (1.8.0_152-release-1024-b02), built by "builder" with MS VC++ 10.0 (VS2010)

time: Fri Nov 09 19:34:22 2018
elapsed time: 898 seconds (0d 0h 14m 58s)

