#
# There is insufficient memory for the Java Runtime Environment to continue.
# Native memory allocation (malloc) failed to allocate 65552 bytes for Chunk::new
# Possible reasons:
#   The system is out of physical RAM or swap space
#   In 32 bit mode, the process size limit was hit
# Possible solutions:
#   Reduce memory load on the system
#   Increase physical memory or swap space
#   Check if swap backing store is full
#   Use 64 bit Java on a 64 bit OS
#   Decrease Java heap size (-Xmx/-Xms)
#   Decrease number of Java threads
#   Decrease Java thread stack sizes (-Xss)
#   Set larger code cache with -XX:ReservedCodeCacheSize=
# This output file may be truncated or incomplete.
#
#  Out of Memory Error (allocation.cpp:390), pid=16344, tid=0x0000000000003b14
#
# JRE version: OpenJDK Runtime Environment (8.0_152-b02) (build 1.8.0_152-release-1024-b02)
# Java VM: OpenJDK 64-Bit Server VM (25.152-b02 mixed mode windows-amd64 compressed oops)
# Failed to write core dump. Minidumps are not enabled by default on client versions of Windows
#

---------------  T H R E A D  ---------------

Current thread (0x000000001607e800):  JavaThread "C2 CompilerThread1" daemon [_thread_in_native, id=15124, stack(0x00000000177c0000,0x00000000178c0000)]

Stack: [0x00000000177c0000,0x00000000178c0000]
[error occurred during error reporting (printing stack bounds), id 0xc0000005]

Native frames: (J=compiled Java code, j=interpreted, Vv=VM code, C=native code)


Current CompileTask:
C2: 365354 9426   !   4       java.io.ObjectOutputStream::writeOrdinaryObject (175 bytes)


---------------  P R O C E S S  ---------------

Java Threads: ( => current thread )
  0x000000001ae7f800 JavaThread "Task worker for ':' Thread 3" [_thread_blocked, id=16744, stack(0x0000000028340000,0x0000000028440000)]
  0x000000001af37800 JavaThread "Task worker for ':' Thread 2" [_thread_blocked, id=9808, stack(0x0000000028240000,0x0000000028340000)]
  0x000000001af37000 JavaThread "Task worker for ':'" [_thread_blocked, id=588, stack(0x0000000028140000,0x0000000028240000)]
  0x000000001af35800 JavaThread "Cache worker for Build Output Cleanup Cache (C:\Users\Dell\AndroidStudioProjects\Trial\.gradle\buildOutputCleanup)" [_thread_blocked, id=8612, stack(0x0000000028040000,0x0000000028140000)]
  0x000000001af36000 JavaThread "Cache worker for task history cache (C:\Users\Dell\AndroidStudioProjects\Trial\.gradle\4.4\taskHistory)" [_thread_blocked, id=16864, stack(0x0000000027f40000,0x0000000028040000)]
  0x000000001af2e000 JavaThread "Cache worker for file content cache (C:\Users\Dell\AndroidStudioProjects\Trial\.gradle\4.4\fileContent)" [_thread_blocked, id=12504, stack(0x0000000027e40000,0x0000000027f40000)]
  0x000000001af34800 JavaThread "build operations Thread 4" [_thread_in_native, id=12476, stack(0x0000000027d40000,0x0000000027e40000)]
  0x000000001af33000 JavaThread "build operations Thread 3" [_thread_blocked, id=14416, stack(0x0000000027c40000,0x0000000027d40000)]
  0x000000001af34000 JavaThread "build operations Thread 2" [_thread_blocked, id=16820, stack(0x0000000027b40000,0x0000000027c40000)]
  0x000000001af2b800 JavaThread "build operations" [_thread_blocked, id=16736, stack(0x0000000027a40000,0x0000000027b40000)]
  0x000000001af32800 JavaThread "Cache worker for Artifact transforms cache (C:\Users\Dell\.gradle\caches\transforms-1)" [_thread_blocked, id=16760, stack(0x0000000027940000,0x0000000027a40000)]
  0x000000001af29800 JavaThread "Cache worker for file hash cache (C:\Users\Dell\AndroidStudioProjects\Trial\.gradle\4.4\fileHashes)" [_thread_blocked, id=15184, stack(0x0000000027840000,0x0000000027940000)]
  0x000000001af2a000 JavaThread "Stdin handler" [_thread_blocked, id=4064, stack(0x0000000027740000,0x0000000027840000)]
  0x000000001af2f800 JavaThread "Asynchronous log dispatcher for DefaultDaemonConnection: socket connection from /127.0.0.1:53866 to /127.0.0.1:53924" [_thread_blocked, id=16824, stack(0x0000000027640000,0x0000000027740000)]
  0x000000001af28800 JavaThread "Daemon worker Thread 2" [_thread_blocked, id=15164, stack(0x0000000027540000,0x0000000027640000)]
  0x000000001af2e800 JavaThread "Cancel handler" [_thread_blocked, id=16680, stack(0x0000000027440000,0x0000000027540000)]
  0x000000001af2b000 JavaThread "Handler for socket connection from /127.0.0.1:53866 to /127.0.0.1:53924" [_thread_in_native, id=12096, stack(0x0000000027340000,0x0000000027440000)]
  0x000000001af2c800 JavaThread "Daemon Thread 2" [_thread_blocked, id=3288, stack(0x0000000027240000,0x0000000027340000)]
  0x000000001ae7b800 JavaThread "Memory manager" [_thread_blocked, id=14556, stack(0x0000000020530000,0x0000000020630000)]
  0x0000000019285800 JavaThread "File lock request listener" [_thread_in_native, id=13428, stack(0x000000001ab10000,0x000000001ac10000)]
  0x0000000018fe3800 JavaThread "Cache worker for file hash cache (C:\Users\Dell\.gradle\caches\4.4\fileHashes)" [_thread_blocked, id=16648, stack(0x000000001aa10000,0x000000001ab10000)]
  0x0000000018df5000 JavaThread "Daemon periodic checks" [_thread_blocked, id=11636, stack(0x0000000019f10000,0x000000001a010000)]
  0x0000000018df4800 JavaThread "Incoming local TCP Connector on port 53866" [_thread_in_native, id=15056, stack(0x0000000019cd0000,0x0000000019dd0000)]
  0x00000000179e0800 JavaThread "Service Thread" daemon [_thread_blocked, id=15724, stack(0x0000000017dc0000,0x0000000017ec0000)]
  0x0000000016087800 JavaThread "C1 CompilerThread2" daemon [_thread_blocked, id=14964, stack(0x00000000178c0000,0x00000000179c0000)]
=>0x000000001607e800 JavaThread "C2 CompilerThread1" daemon [_thread_in_native, id=15124, stack(0x00000000177c0000,0x00000000178c0000)]
  0x000000001607b800 JavaThread "C2 CompilerThread0" daemon [_thread_blocked, id=11340, stack(0x00000000176c0000,0x00000000177c0000)]
  0x000000001607a000 JavaThread "Attach Listener" daemon [_thread_blocked, id=6160, stack(0x00000000175c0000,0x00000000176c0000)]
  0x0000000016079000 JavaThread "Signal Dispatcher" daemon [_thread_blocked, id=13944, stack(0x00000000174c0000,0x00000000175c0000)]
  0x000000001606e000 JavaThread "Finalizer" daemon [_thread_blocked, id=5112, stack(0x00000000172d0000,0x00000000173d0000)]
  0x0000000002702000 JavaThread "Reference Handler" daemon [_thread_blocked, id=12816, stack(0x00000000171d0000,0x00000000172d0000)]
  0x000000000247e000 JavaThread "main" [_thread_blocked, id=12360, stack(0x0000000002510000,0x0000000002610000)]

Other Threads:
  0x0000000016046000 VMThread [stack: 0x00000000170d0000,0x00000000171d0000] [id=15316]
  0x00000000160dd800 WatcherThread [stack: 0x0000000017ec0000,0x0000000017fc0000] [id=12908]

VM state:not at safepoint (normal execution)

VM Mutex/Monitor currently owned by a thread: None

Heap:
 PSYoungGen      total 196096K, used 143612K [0x00000000e0000000, 0x00000000f1f80000, 0x0000000100000000)
  eden space 174592K, 81% used [0x00000000e0000000,0x00000000e8af5e80,0x00000000eaa80000)
  from space 21504K, 6% used [0x00000000eaa80000,0x00000000eabc91e0,0x00000000ebf80000)
  to   space 21504K, 0% used [0x00000000f0a80000,0x00000000f0a80000,0x00000000f1f80000)
 ParOldGen       total 101376K, used 37806K [0x00000000a0000000, 0x00000000a6300000, 0x00000000e0000000)
  object space 101376K, 37% used [0x00000000a0000000,0x00000000a24eb9c8,0x00000000a6300000)
 Metaspace       used 61468K, capacity 63570K, committed 63704K, reserved 1103872K
  class space    used 8154K, capacity 8608K, committed 8704K, reserved 1048576K

Card table byte_map: [0x0000000011ad0000,0x0000000011de0000] byte_map_base: 0x00000000115d0000

Marking Bits: (ParMarkBitMap*) 0x000000005a394970
 Begin Bits: [0x00000000123e0000, 0x0000000013be0000)
 End Bits:   [0x0000000013be0000, 0x00000000153e0000)

Polling page: 0x00000000003f0000

CodeCache: size=245760Kb used=25299Kb max_used=25310Kb free=220461Kb
 bounds [0x0000000002710000, 0x0000000003ff0000, 0x0000000011710000]
 total_blobs=8681 nmethods=7899 adapters=695
 compilation: enabled

Compilation events (10 events):
Event: 364.649 Thread 0x0000000016087800 nmethod 9419 0x0000000003fe3a50 code [0x0000000003fe3ba0, 0x0000000003fe3d10]
Event: 364.649 Thread 0x0000000016087800 9423       3       org.gradle.internal.component.external.model.DefaultMavenModuleResolveMetadata::getAttributesSchema (4 bytes)
Event: 364.649 Thread 0x0000000016087800 nmethod 9423 0x0000000003fe3d90 code [0x0000000003fe3ee0, 0x0000000003fe4030]
Event: 364.650 Thread 0x0000000016087800 9424       1       org.gradle.api.internal.attributes.DefaultImmutableAttributes::getAttributes (2 bytes)
Event: 364.651 Thread 0x0000000016087800 nmethod 9424 0x0000000003fe40d0 code [0x0000000003fe4220, 0x0000000003fe4330]
Event: 364.652 Thread 0x0000000016087800 9425       3       org.gradle.api.internal.artifacts.ivyservice.ivyresolve.RepositoryChainArtifactResolver::findSourceRepository (37 bytes)
Event: 364.653 Thread 0x0000000016087800 nmethod 9425 0x0000000003fe4390 code [0x0000000003fe4560, 0x0000000003fe4d28]
Event: 365.051 Thread 0x000000001607e800 9426   !   4       java.io.ObjectOutputStream::writeOrdinaryObject (175 bytes)
Event: 365.099 Thread 0x000000001607b800 9427       4       java.io.ObjectOutputStream$BlockDataOutputStream::drain (45 bytes)
Event: 365.103 Thread 0x000000001607b800 nmethod 9427 0x0000000003fe7dd0 code [0x0000000003fe7f20, 0x0000000003fe7fe8]

GC Heap History (10 events):
Event: 34.759 GC heap before
{Heap before GC invocations=14 (full 2):
 PSYoungGen      total 136192K, used 133539K [0x00000000e0000000, 0x00000000eb100000, 0x0000000100000000)
  eden space 122368K, 100% used [0x00000000e0000000,0x00000000e7780000,0x00000000e7780000)
  from space 13824K, 80% used [0x00000000e7780000,0x00000000e8268dc0,0x00000000e8500000)
  to   space 14848K, 0% used [0x00000000ea280000,0x00000000ea280000,0x00000000eb100000)
 ParOldGen       total 64000K, used 28951K [0x00000000a0000000, 0x00000000a3e80000, 0x00000000e0000000)
  object space 64000K, 45% used [0x00000000a0000000,0x00000000a1c45e00,0x00000000a3e80000)
 Metaspace       used 54826K, capacity 56488K, committed 56792K, reserved 1097728K
  class space    used 7459K, capacity 7853K, committed 7936K, reserved 1048576K
Event: 34.799 GC heap after
Heap after GC invocations=14 (full 2):
 PSYoungGen      total 161792K, used 14821K [0x00000000e0000000, 0x00000000eb800000, 0x0000000100000000)
  eden space 146944K, 0% used [0x00000000e0000000,0x00000000e0000000,0x00000000e8f80000)
  from space 14848K, 99% used [0x00000000ea280000,0x00000000eb0f9500,0x00000000eb100000)
  to   space 19456K, 0% used [0x00000000e8f80000,0x00000000e8f80000,0x00000000ea280000)
 ParOldGen       total 64000K, used 36163K [0x00000000a0000000, 0x00000000a3e80000, 0x00000000e0000000)
  object space 64000K, 56% used [0x00000000a0000000,0x00000000a2350c98,0x00000000a3e80000)
 Metaspace       used 54826K, capacity 56488K, committed 56792K, reserved 1097728K
  class space    used 7459K, capacity 7853K, committed 7936K, reserved 1048576K
}
Event: 67.454 GC heap before
{Heap before GC invocations=15 (full 2):
 PSYoungGen      total 161792K, used 109212K [0x00000000e0000000, 0x00000000eb800000, 0x0000000100000000)
  eden space 146944K, 64% used [0x00000000e0000000,0x00000000e5c2dd90,0x00000000e8f80000)
  from space 14848K, 99% used [0x00000000ea280000,0x00000000eb0f9500,0x00000000eb100000)
  to   space 19456K, 0% used [0x00000000e8f80000,0x00000000e8f80000,0x00000000ea280000)
 ParOldGen       total 64000K, used 36163K [0x00000000a0000000, 0x00000000a3e80000, 0x00000000e0000000)
  object space 64000K, 56% used [0x00000000a0000000,0x00000000a2350c98,0x00000000a3e80000)
 Metaspace       used 57220K, capacity 58954K, committed 59028K, reserved 1099776K
  class space    used 7711K, capacity 8134K, committed 8192K, reserved 1048576K
Event: 67.495 GC heap after
Heap after GC invocations=15 (full 2):
 PSYoungGen      total 166400K, used 16282K [0x00000000e0000000, 0x00000000ed480000, 0x0000000100000000)
  eden space 146944K, 0% used [0x00000000e0000000,0x00000000e0000000,0x00000000e8f80000)
  from space 19456K, 83% used [0x00000000e8f80000,0x00000000e9f66b08,0x00000000ea280000)
  to   space 21504K, 0% used [0x00000000ebf80000,0x00000000ebf80000,0x00000000ed480000)
 ParOldGen       total 64000K, used 39235K [0x00000000a0000000, 0x00000000a3e80000, 0x00000000e0000000)
  object space 64000K, 61% used [0x00000000a0000000,0x00000000a2650fa8,0x00000000a3e80000)
 Metaspace       used 57220K, capacity 58954K, committed 59028K, reserved 1099776K
  class space    used 7711K, capacity 8134K, committed 8192K, reserved 1048576K
}
Event: 67.495 GC heap before
{Heap before GC invocations=16 (full 3):
 PSYoungGen      total 166400K, used 16282K [0x00000000e0000000, 0x00000000ed480000, 0x0000000100000000)
  eden space 146944K, 0% used [0x00000000e0000000,0x00000000e0000000,0x00000000e8f80000)
  from space 19456K, 83% used [0x00000000e8f80000,0x00000000e9f66b08,0x00000000ea280000)
  to   space 21504K, 0% used [0x00000000ebf80000,0x00000000ebf80000,0x00000000ed480000)
 ParOldGen       total 64000K, used 39235K [0x00000000a0000000, 0x00000000a3e80000, 0x00000000e0000000)
  object space 64000K, 61% used [0x00000000a0000000,0x00000000a2650fa8,0x00000000a3e80000)
 Metaspace       used 57220K, capacity 58954K, committed 59028K, reserved 1099776K
  class space    used 7711K, capacity 8134K, committed 8192K, reserved 1048576K
Event: 67.761 GC heap after
Heap after GC invocations=16 (full 3):
 PSYoungGen      total 166400K, used 0K [0x00000000e0000000, 0x00000000ed480000, 0x0000000100000000)
  eden space 146944K, 0% used [0x00000000e0000000,0x00000000e0000000,0x00000000e8f80000)
  from space 19456K, 0% used [0x00000000e8f80000,0x00000000e8f80000,0x00000000ea280000)
  to   space 21504K, 0% used [0x00000000ebf80000,0x00000000ebf80000,0x00000000ed480000)
 ParOldGen       total 101376K, used 37798K [0x00000000a0000000, 0x00000000a6300000, 0x00000000e0000000)
  object space 101376K, 37% used [0x00000000a0000000,0x00000000a24e99c8,0x00000000a6300000)
 Metaspace       used 57220K, capacity 58954K, committed 59028K, reserved 1099776K
  class space    used 7711K, capacity 8134K, committed 8192K, reserved 1048576K
}
Event: 68.632 GC heap before
{Heap before GC invocations=17 (full 3):
 PSYoungGen      total 166400K, used 146062K [0x00000000e0000000, 0x00000000ed480000, 0x0000000100000000)
  eden space 146944K, 99% used [0x00000000e0000000,0x00000000e8ea3918,0x00000000e8f80000)
  from space 19456K, 0% used [0x00000000e8f80000,0x00000000e8f80000,0x00000000ea280000)
  to   space 21504K, 0% used [0x00000000ebf80000,0x00000000ebf80000,0x00000000ed480000)
 ParOldGen       total 101376K, used 37798K [0x00000000a0000000, 0x00000000a6300000, 0x00000000e0000000)
  object space 101376K, 37% used [0x00000000a0000000,0x00000000a24e99c8,0x00000000a6300000)
 Metaspace       used 57729K, capacity 59600K, committed 59736K, reserved 1101824K
  class space    used 7785K, capacity 8197K, committed 8320K, reserved 1048576K
Event: 68.636 GC heap after
Heap after GC invocations=17 (full 3):
 PSYoungGen      total 196096K, used 2118K [0x00000000e0000000, 0x00000000ed700000, 0x0000000100000000)
  eden space 174592K, 0% used [0x00000000e0000000,0x00000000e0000000,0x00000000eaa80000)
  from space 21504K, 9% used [0x00000000ebf80000,0x00000000ec1919d8,0x00000000ed480000)
  to   space 21504K, 0% used [0x00000000eaa80000,0x00000000eaa80000,0x00000000ebf80000)
 ParOldGen       total 101376K, used 37806K [0x00000000a0000000, 0x00000000a6300000, 0x00000000e0000000)
  object space 101376K, 37% used [0x00000000a0000000,0x00000000a24eb9c8,0x00000000a6300000)
 Metaspace       used 57729K, capacity 59600K, committed 59736K, reserved 1101824K
  class space    used 7785K, capacity 8197K, committed 8320K, reserved 1048576K
}
Event: 68.665 GC heap before
{Heap before GC invocations=18 (full 3):
 PSYoungGen      total 196096K, used 175834K [0x00000000e0000000, 0x00000000ed700000, 0x0000000100000000)
  eden space 174592K, 99% used [0x00000000e0000000,0x00000000ea9a50f8,0x00000000eaa80000)
  from space 21504K, 9% used [0x00000000ebf80000,0x00000000ec1919d8,0x00000000ed480000)
  to   space 21504K, 0% used [0x00000000eaa80000,0x00000000eaa80000,0x00000000ebf80000)
 ParOldGen       total 101376K, used 37806K [0x00000000a0000000, 0x00000000a6300000, 0x00000000e0000000)
  object space 101376K, 37% used [0x00000000a0000000,0x00000000a24eb9c8,0x00000000a6300000)
 Metaspace       used 57738K, capacity 59600K, committed 59736K, reserved 1101824K
  class space    used 7785K, capacity 8197K, committed 8320K, reserved 1048576K
Event: 68.669 GC heap after
Heap after GC invocations=18 (full 3):
 PSYoungGen      total 196096K, used 1316K [0x00000000e0000000, 0x00000000f1f80000, 0x0000000100000000)
  eden space 174592K, 0% used [0x00000000e0000000,0x00000000e0000000,0x00000000eaa80000)
  from space 21504K, 6% used [0x00000000eaa80000,0x00000000eabc91e0,0x00000000ebf80000)
  to   space 21504K, 0% used [0x00000000f0a80000,0x00000000f0a80000,0x00000000f1f80000)
 ParOldGen       total 101376K, used 37806K [0x00000000a0000000, 0x00000000a6300000, 0x00000000e0000000)
  object space 101376K, 37% used [0x00000000a0000000,0x00000000a24eb9c8,0x00000000a6300000)
 Metaspace       used 57738K, capacity 59600K, committed 59736K, reserved 1101824K
  class space    used 7785K, capacity 8197K, committed 8320K, reserved 1048576K
}

Deoptimization events (10 events):
Event: 362.023 Thread 0x000000001af37000 Uncommon trap: reason=bimorphic action=maybe_recompile pc=0x0000000003c33ee4 method=com.sun.org.apache.xerces.internal.dom.NamedNodeMapImpl.findNamePoint(Ljava/lang/String;I)I @ 57
Event: 362.023 Thread 0x000000001af37000 Uncommon trap: reason=bimorphic action=maybe_recompile pc=0x0000000003c33ee4 method=com.sun.org.apache.xerces.internal.dom.NamedNodeMapImpl.findNamePoint(Ljava/lang/String;I)I @ 57
Event: 362.023 Thread 0x000000001af37000 Uncommon trap: reason=bimorphic action=maybe_recompile pc=0x0000000003c33ee4 method=com.sun.org.apache.xerces.internal.dom.NamedNodeMapImpl.findNamePoint(Ljava/lang/String;I)I @ 57
Event: 362.023 Thread 0x000000001af37000 Uncommon trap: reason=bimorphic action=maybe_recompile pc=0x0000000003c33ee4 method=com.sun.org.apache.xerces.internal.dom.NamedNodeMapImpl.findNamePoint(Ljava/lang/String;I)I @ 57
Event: 362.023 Thread 0x000000001af37000 Uncommon trap: reason=class_check action=maybe_recompile pc=0x0000000003c5d724 method=com.sun.org.apache.xerces.internal.dom.AttrImpl.getValue()Ljava/lang/String; @ 19
Event: 362.023 Thread 0x000000001af37000 Uncommon trap: reason=class_check action=maybe_recompile pc=0x0000000003c5d724 method=com.sun.org.apache.xerces.internal.dom.AttrImpl.getValue()Ljava/lang/String; @ 19
Event: 362.023 Thread 0x000000001af37000 Uncommon trap: reason=class_check action=maybe_recompile pc=0x0000000003c5d724 method=com.sun.org.apache.xerces.internal.dom.AttrImpl.getValue()Ljava/lang/String; @ 19
Event: 362.023 Thread 0x000000001af37000 Uncommon trap: reason=class_check action=maybe_recompile pc=0x0000000003c5d724 method=com.sun.org.apache.xerces.internal.dom.AttrImpl.getValue()Ljava/lang/String; @ 19
Event: 362.023 Thread 0x000000001af37000 Uncommon trap: reason=class_check action=maybe_recompile pc=0x0000000003c5fee8 method=com.sun.org.apache.xerces.internal.dom.ParentNode.getChildNodes()Lorg/w3c/dom/NodeList; @ 8
Event: 362.023 Thread 0x000000001af37000 Uncommon trap: reason=class_check action=maybe_recompile pc=0x0000000003c5fee8 method=com.sun.org.apache.xerces.internal.dom.ParentNode.getChildNodes()Lorg/w3c/dom/NodeList; @ 8

Classes redefined (0 events):
No events

Internal exceptions (10 events):
Event: 76.112 Thread 0x0000000018f44000 Exception <a 'java/lang/NoSuchMethodError': <clinit>> (0x00000000e6668d48) thrown at [D:\src\AOSP-openjdk-cygwin\jdk8u\hotspot\src\share\vm\prims\jni.cpp, line 1613]
Event: 76.113 Thread 0x0000000018f44000 Exception <a 'java/lang/NoSuchMethodError': <clinit>> (0x00000000e6672e68) thrown at [D:\src\AOSP-openjdk-cygwin\jdk8u\hotspot\src\share\vm\prims\jni.cpp, line 1613]
Event: 76.114 Thread 0x0000000018f44000 Exception <a 'java/lang/NoSuchMethodError': <clinit>> (0x00000000e667f208) thrown at [D:\src\AOSP-openjdk-cygwin\jdk8u\hotspot\src\share\vm\prims\jni.cpp, line 1613]
Event: 76.115 Thread 0x0000000018f44000 Exception <a 'java/lang/NoSuchMethodError': <clinit>> (0x00000000e6689b70) thrown at [D:\src\AOSP-openjdk-cygwin\jdk8u\hotspot\src\share\vm\prims\jni.cpp, line 1613]
Event: 76.117 Thread 0x0000000018f44000 Exception <a 'java/lang/NoSuchMethodError': <clinit>> (0x00000000e6692e88) thrown at [D:\src\AOSP-openjdk-cygwin\jdk8u\hotspot\src\share\vm\prims\jni.cpp, line 1613]
Event: 76.122 Thread 0x0000000018f44000 Exception <a 'java/lang/NoSuchMethodError': <clinit>> (0x00000000e66ade28) thrown at [D:\src\AOSP-openjdk-cygwin\jdk8u\hotspot\src\share\vm\prims\jni.cpp, line 1613]
Event: 76.123 Thread 0x0000000018f44000 Exception <a 'java/lang/NoSuchMethodError': <clinit>> (0x00000000e66be1d8) thrown at [D:\src\AOSP-openjdk-cygwin\jdk8u\hotspot\src\share\vm\prims\jni.cpp, line 1613]
Event: 76.127 Thread 0x0000000018f44000 Exception <a 'java/lang/NoSuchMethodError': <clinit>> (0x00000000e66c2c50) thrown at [D:\src\AOSP-openjdk-cygwin\jdk8u\hotspot\src\share\vm\prims\jni.cpp, line 1613]
Event: 76.142 Thread 0x0000000018f46800 Exception <a 'java/lang/NoSuchMethodError': <clinit>> (0x00000000e67744e8) thrown at [D:\src\AOSP-openjdk-cygwin\jdk8u\hotspot\src\share\vm\prims\jni.cpp, line 1613]
Event: 361.456 Thread 0x000000001af28800 Exception <a 'sun/nio/fs/WindowsException'> (0x00000000e77f0cb0) thrown at [D:\src\AOSP-openjdk-cygwin\jdk8u\hotspot\src\share\vm\prims\jni.cpp, line 709]

Events (10 events):
Event: 362.159 Executing VM operation: RevokeBias
Event: 362.160 Executing VM operation: RevokeBias done
Event: 364.281 Thread 0x000000001af37000 DEOPT PACKING pc=0x0000000002f491c0 sp=0x000000002823c350
Event: 364.281 Thread 0x000000001af37000 DEOPT UNPACKING pc=0x00000000027575d0 sp=0x000000002823c248 mode 0
Event: 364.339 Thread 0x000000001af37000 DEOPT PACKING pc=0x0000000002f3db06 sp=0x000000002823c5f0
Event: 364.339 Thread 0x000000001af37000 DEOPT UNPACKING pc=0x00000000027575d0 sp=0x000000002823c428 mode 0
Event: 364.360 Thread 0x000000001af37000 DEOPT PACKING pc=0x0000000002f491c0 sp=0x000000002823c4c0
Event: 364.361 Thread 0x000000001af37000 DEOPT UNPACKING pc=0x00000000027575d0 sp=0x000000002823c3b8 mode 0
Event: 364.646 Executing VM operation: RevokeBias
Event: 364.646 Executing VM operation: RevokeBias done


Dynamic libraries:
0x00007ff7eadf0000 - 0x00007ff7eae21000 	C:\Users\Dell\Desktop\Android Studio\jre\bin\java.exe
0x00007ffd259b0000 - 0x00007ffd25b91000 	C:\WINDOWS\SYSTEM32\ntdll.dll
0x00007ffd23be0000 - 0x00007ffd23c92000 	C:\WINDOWS\System32\KERNEL32.DLL
0x00007ffd22610000 - 0x00007ffd22883000 	C:\WINDOWS\System32\KERNELBASE.dll
0x00007ffd23500000 - 0x00007ffd235a1000 	C:\WINDOWS\System32\ADVAPI32.dll
0x00007ffd23730000 - 0x00007ffd237ce000 	C:\WINDOWS\System32\msvcrt.dll
0x00007ffd23b00000 - 0x00007ffd23b5b000 	C:\WINDOWS\System32\sechost.dll
0x00007ffd23860000 - 0x00007ffd23984000 	C:\WINDOWS\System32\RPCRT4.dll
0x00007ffd23d70000 - 0x00007ffd23f00000 	C:\WINDOWS\System32\USER32.dll
0x00007ffd22d20000 - 0x00007ffd22d40000 	C:\WINDOWS\System32\win32u.dll
0x00007ffd237d0000 - 0x00007ffd237f8000 	C:\WINDOWS\System32\GDI32.dll
0x00007ffd22890000 - 0x00007ffd22a22000 	C:\WINDOWS\System32\gdi32full.dll
0x00007ffd22da0000 - 0x00007ffd22e3f000 	C:\WINDOWS\System32\msvcp_win.dll
0x00007ffd22c20000 - 0x00007ffd22d1a000 	C:\WINDOWS\System32\ucrtbase.dll
0x00007ffd178a0000 - 0x00007ffd17b09000 	C:\WINDOWS\WinSxS\amd64_microsoft.windows.common-controls_6595b64144ccf1df_6.0.17134.345_none_fb429a5930656358\COMCTL32.dll
0x00007ffd22fa0000 - 0x00007ffd232c3000 	C:\WINDOWS\System32\combase.dll
0x00007ffd22590000 - 0x00007ffd2260a000 	C:\WINDOWS\System32\bcryptPrimitives.dll
0x00007ffd25950000 - 0x00007ffd2597d000 	C:\WINDOWS\System32\IMM32.DLL
0x0000000059a70000 - 0x0000000059b42000 	C:\Users\Dell\Desktop\Android Studio\jre\jre\bin\msvcr100.dll
0x0000000059bd0000 - 0x000000005a40f000 	C:\Users\Dell\Desktop\Android Studio\jre\jre\bin\server\jvm.dll
0x00007ffd23b60000 - 0x00007ffd23b68000 	C:\WINDOWS\System32\PSAPI.DLL
0x00007ffd18cf0000 - 0x00007ffd18cfa000 	C:\WINDOWS\SYSTEM32\VERSION.dll
0x00007ffd0f3b0000 - 0x00007ffd0f3b9000 	C:\WINDOWS\SYSTEM32\WSOCK32.dll
0x00007ffd1f720000 - 0x00007ffd1f743000 	C:\WINDOWS\SYSTEM32\WINMM.dll
0x00007ffd23b70000 - 0x00007ffd23bdc000 	C:\WINDOWS\System32\WS2_32.dll
0x00007ffd1f6f0000 - 0x00007ffd1f71a000 	C:\WINDOWS\SYSTEM32\winmmbase.dll
0x00007ffd22540000 - 0x00007ffd22589000 	C:\WINDOWS\System32\cfgmgr32.dll
0x00007ffd1fca0000 - 0x00007ffd1fcaf000 	C:\Users\Dell\Desktop\Android Studio\jre\jre\bin\verify.dll
0x00007ffd1ba50000 - 0x00007ffd1ba79000 	C:\Users\Dell\Desktop\Android Studio\jre\jre\bin\java.dll
0x00007ffd1e600000 - 0x00007ffd1e616000 	C:\Users\Dell\Desktop\Android Studio\jre\jre\bin\zip.dll
0x00007ffd240c0000 - 0x00007ffd254ff000 	C:\WINDOWS\System32\SHELL32.dll
0x00007ffd23450000 - 0x00007ffd234f9000 	C:\WINDOWS\System32\shcore.dll
0x00007ffd21d80000 - 0x00007ffd2248d000 	C:\WINDOWS\System32\windows.storage.dll
0x00007ffd23800000 - 0x00007ffd23851000 	C:\WINDOWS\System32\shlwapi.dll
0x00007ffd21cc0000 - 0x00007ffd21cd1000 	C:\WINDOWS\System32\kernel.appcore.dll
0x00007ffd21ce0000 - 0x00007ffd21cff000 	C:\WINDOWS\System32\profapi.dll
0x00007ffd21d30000 - 0x00007ffd21d7c000 	C:\WINDOWS\System32\powrprof.dll
0x00007ffd21d20000 - 0x00007ffd21d2a000 	C:\WINDOWS\System32\FLTLIB.DLL
0x00007ffd1ba30000 - 0x00007ffd1ba4a000 	C:\Users\Dell\Desktop\Android Studio\jre\jre\bin\net.dll
0x00007ffd21540000 - 0x00007ffd215a6000 	C:\WINDOWS\system32\mswsock.dll
0x00007ffd09b90000 - 0x00007ffd09ba1000 	C:\Users\Dell\Desktop\Android Studio\jre\jre\bin\nio.dll
0x00007ffd1b2a0000 - 0x00007ffd1b2be000 	C:\Users\Dell\.gradle\native\25\windows-amd64\native-platform.dll
0x00007ffd1b290000 - 0x00007ffd1b29d000 	C:\Users\Dell\Desktop\Android Studio\jre\jre\bin\management.dll
0x00007ffd216f0000 - 0x00007ffd21707000 	C:\WINDOWS\SYSTEM32\CRYPTSP.dll
0x00007ffd210c0000 - 0x00007ffd210f3000 	C:\WINDOWS\system32\rsaenh.dll
0x00007ffd21820000 - 0x00007ffd21845000 	C:\WINDOWS\SYSTEM32\bcrypt.dll
0x00007ffd21bc0000 - 0x00007ffd21be8000 	C:\WINDOWS\SYSTEM32\USERENV.dll
0x00007ffd21710000 - 0x00007ffd2171b000 	C:\WINDOWS\SYSTEM32\CRYPTBASE.dll
0x00007ffd212c0000 - 0x00007ffd212f8000 	C:\WINDOWS\SYSTEM32\IPHLPAPI.DLL
0x00007ffd240a0000 - 0x00007ffd240a8000 	C:\WINDOWS\System32\NSI.dll
0x00007ffd18110000 - 0x00007ffd18126000 	C:\WINDOWS\SYSTEM32\dhcpcsvc6.DLL
0x00007ffd181c0000 - 0x00007ffd181da000 	C:\WINDOWS\SYSTEM32\dhcpcsvc.DLL

VM Arguments:
jvm_args: -Xmx1536m -Dfile.encoding=windows-1252 -Duser.country=IN -Duser.language=en -Duser.variant 
java_command: org.gradle.launcher.daemon.bootstrap.GradleDaemon 4.4
java_class_path (initial): C:\Users\Dell\.gradle\wrapper\dists\gradle-4.4-all\9br9xq1tocpiv8o6njlyu5op1\gradle-4.4\lib\gradle-launcher-4.4.jar
Launcher Type: SUN_STANDARD

Environment Variables:
JAVA_HOME=C:\Program Files\Java\jdk-9.0.1
PATH=C:\ProgramData\Oracle\Java\javapath;C:\Program Files (x86)\Intel\iCLS Client\;C:\Program Files\Intel\iCLS Client\;C:\WINDOWS\system32;C:\WINDOWS;C:\WINDOWS\System32\Wbem;C:\WINDOWS\System32\WindowsPowerShell\v1.0\;C:\Program Files (x86)\Intel\Intel(R) Management Engine Components\DAL;C:\Program Files\Intel\Intel(R) Management Engine Components\DAL;C:\Program Files (x86)\Intel\Intel(R) Management Engine Components\IPT;C:\Program Files\Intel\Intel(R) Management Engine Components\IPT;C:\Program Files\Microsoft SQL Server\110\Tools\Binn\;C:\Program Files\Intel\WiFi\bin\;C:\Program Files\Common Files\Intel\WirelessCommon\;C:\Python27;C:\Program Files\nodejs\;C:\Program Files\Git\cmd;C:\Users\Dell\AppData\Local\Microsoft\WindowsApps;C:\Users\Dell\AppData\Roaming\npm;C:\adb;%SystemRoot%\system32;%SystemRoot%;%SystemRoot%\System32\Wbem;%SYSTEMROOT%\System32\WindowsPowerShell\v1.0\;%SYSTEMROOT%\System32\OpenSSH\;C:\Users\Dell\AppData\Local\Microsoft\WindowsApps;C:\Users\Dell\AppData\Roaming\npm;
USERNAME=Dell
OS=Windows_NT
PROCESSOR_IDENTIFIER=Intel64 Family 6 Model 61 Stepping 4, GenuineIntel



---------------  S Y S T E M  ---------------

OS: Windows 10.0 , 64 bit Build 17134 (10.0.17134.1)

CPU:total 4 (initial active 4) (2 cores per cpu, 2 threads per core) family 6 model 61 stepping 4, cmov, cx8, fxsr, mmx, sse, sse2, sse3, ssse3, sse4.1, sse4.2, popcnt, avx, avx2, aes, clmul, erms, 3dnowpref, lzcnt, ht, tsc, tscinvbit, bmi1, bmi2, adx

Memory: 4k page, physical 4102716k(690420k free), swap 5532220k(28k free)

vm_info: OpenJDK 64-Bit Server VM (25.152-b02) for windows-amd64 JRE (1.8.0_152-release-1024-b02), built by "builder" with MS VC++ 10.0 (VS2010)

time: Fri Nov 09 12:27:10 2018
elapsed time: 365 seconds (0d 0h 6m 5s)

