#
# There is insufficient memory for the Java Runtime Environment to continue.
# Native memory allocation (malloc) failed to allocate 1119696 bytes for Chunk::new
# Possible reasons:
#   The system is out of physical RAM or swap space
#   In 32 bit mode, the process size limit was hit
# Possible solutions:
#   Reduce memory load on the system
#   Increase physical memory or swap space
#   Check if swap backing store is full
#   Use 64 bit Java on a 64 bit OS
#   Decrease Java heap size (-Xmx/-Xms)
#   Decrease number of Java threads
#   Decrease Java thread stack sizes (-Xss)
#   Set larger code cache with -XX:ReservedCodeCacheSize=
# This output file may be truncated or incomplete.
#
#  Out of Memory Error (allocation.cpp:390), pid=4252, tid=0x0000000000002564
#
# JRE version: OpenJDK Runtime Environment (8.0_152-b02) (build 1.8.0_152-release-1024-b02)
# Java VM: OpenJDK 64-Bit Server VM (25.152-b02 mixed mode windows-amd64 compressed oops)
# Failed to write core dump. Minidumps are not enabled by default on client versions of Windows
#

---------------  T H R E A D  ---------------

Current thread (0x0000000016d5b800):  JavaThread "C2 CompilerThread1" daemon [_thread_in_native, id=9572, stack(0x00000000184d0000,0x00000000185d0000)]

Stack: [0x00000000184d0000,0x00000000185d0000]
[error occurred during error reporting (printing stack bounds), id 0xc0000005]

Native frames: (J=compiled Java code, j=interpreted, Vv=VM code, C=native code)


Current CompileTask:
C2:2080472 18518       4       com.android.tools.r8.dex.DexFileReader::parseDebugInfo (613 bytes)


---------------  P R O C E S S  ---------------

Java Threads: ( => current thread )
  0x000000001c057800 JavaThread "ForkJoinPool.commonPool-worker-0" daemon [_thread_blocked, id=3056, stack(0x000000002f980000,0x000000002fa80000)]
  0x000000001c054000 JavaThread "ForkJoinPool-2-worker-0" daemon [_thread_blocked, id=9384, stack(0x000000002f880000,0x000000002f980000)]
  0x000000001c05a800 JavaThread "ForkJoinPool-2-worker-1" daemon [_thread_blocked, id=1756, stack(0x000000002f780000,0x000000002f880000)]
  0x000000001c056000 JavaThread "ForkJoinPool.commonPool-worker-3" daemon [_thread_in_Java, id=7180, stack(0x000000002f680000,0x000000002f780000)]
  0x000000001c057000 JavaThread "Cache worker for Java compile cache (C:\Users\Dell\AndroidStudioProjects\Trial\.gradle\4.4\javaCompile)" [_thread_blocked, id=6308, stack(0x000000002e980000,0x000000002ea80000)]
  0x000000001c8bc000 JavaThread "Task worker for ':' Thread 3" [_thread_blocked, id=4460, stack(0x000000002db80000,0x000000002dc80000)]
  0x000000001c8c3000 JavaThread "Task worker for ':' Thread 2" [_thread_blocked, id=4824, stack(0x000000002da80000,0x000000002db80000)]
  0x000000001c8bb000 JavaThread "Task worker for ':'" [_thread_blocked, id=1996, stack(0x000000002d980000,0x000000002da80000)]
  0x000000001c8bc800 JavaThread "Cache worker for Build Output Cleanup Cache (C:\Users\Dell\AndroidStudioProjects\Trial\.gradle\buildOutputCleanup)" [_thread_blocked, id=576, stack(0x000000002d880000,0x000000002d980000)]
  0x000000001c8c2000 JavaThread "Cache worker for task history cache (C:\Users\Dell\AndroidStudioProjects\Trial\.gradle\4.4\taskHistory)" [_thread_blocked, id=1056, stack(0x000000002d780000,0x000000002d880000)]
  0x000000001c8bf000 JavaThread "Cache worker for file content cache (C:\Users\Dell\AndroidStudioProjects\Trial\.gradle\4.4\fileContent)" [_thread_blocked, id=8612, stack(0x000000002d680000,0x000000002d780000)]
  0x000000001c8ba800 JavaThread "build operations Thread 4" [_thread_blocked, id=8512, stack(0x000000002d580000,0x000000002d680000)]
  0x000000001c8b9800 JavaThread "build operations Thread 3" [_thread_blocked, id=1356, stack(0x000000002d480000,0x000000002d580000)]
  0x000000001c8be000 JavaThread "build operations Thread 2" [_thread_blocked, id=8828, stack(0x000000002d380000,0x000000002d480000)]
  0x000000001c27a800 JavaThread "build operations" [_thread_blocked, id=6016, stack(0x000000002d280000,0x000000002d380000)]
  0x000000001c279000 JavaThread "Cache worker for Artifact transforms cache (C:\Users\Dell\.gradle\caches\transforms-1)" [_thread_blocked, id=7264, stack(0x000000002d180000,0x000000002d280000)]
  0x000000001c278000 JavaThread "Cache worker for file hash cache (C:\Users\Dell\AndroidStudioProjects\Trial\.gradle\4.4\fileHashes)" [_thread_blocked, id=236, stack(0x000000002d080000,0x000000002d180000)]
  0x000000001c277800 JavaThread "Asynchronous log dispatcher for DefaultDaemonConnection: socket connection from /127.0.0.1:53180 to /127.0.0.1:53438" [_thread_blocked, id=5408, stack(0x000000002ce80000,0x000000002cf80000)]
  0x000000001c279800 JavaThread "Cancel handler" [_thread_blocked, id=4188, stack(0x000000002cd80000,0x000000002ce80000)]
  0x000000001c276800 JavaThread "Handler for socket connection from /127.0.0.1:53180 to /127.0.0.1:53438" [_thread_in_native, id=10868, stack(0x000000002cc80000,0x000000002cd80000)]
  0x000000001c8c1800 JavaThread "Daemon worker Thread 3" [_thread_blocked, id=6396, stack(0x000000002a180000,0x000000002a280000)]
  0x000000001c8c0800 JavaThread "Daemon Thread 3" [_thread_blocked, id=4852, stack(0x0000000029e80000,0x0000000029f80000)]
  0x000000001c276000 JavaThread "Memory manager" [_thread_blocked, id=6028, stack(0x0000000022390000,0x0000000022490000)]
  0x0000000019e2e000 JavaThread "File lock request listener" [_thread_in_native, id=3544, stack(0x000000001b820000,0x000000001b920000)]
  0x0000000019ea7800 JavaThread "Cache worker for file hash cache (C:\Users\Dell\.gradle\caches\4.4\fileHashes)" [_thread_blocked, id=10028, stack(0x000000001b720000,0x000000001b820000)]
  0x0000000019d0f000 JavaThread "Daemon periodic checks" [_thread_blocked, id=8288, stack(0x000000001ac20000,0x000000001ad20000)]
  0x0000000019d04000 JavaThread "Incoming local TCP Connector on port 53180" [_thread_in_native, id=4196, stack(0x000000001a9e0000,0x000000001aae0000)]
  0x0000000018700800 JavaThread "Service Thread" daemon [_thread_blocked, id=3464, stack(0x0000000018ad0000,0x0000000018bd0000)]
  0x0000000016d62800 JavaThread "C1 CompilerThread2" daemon [_thread_blocked, id=10916, stack(0x00000000185d0000,0x00000000186d0000)]
=>0x0000000016d5b800 JavaThread "C2 CompilerThread1" daemon [_thread_in_native, id=9572, stack(0x00000000184d0000,0x00000000185d0000)]
  0x0000000016d67000 JavaThread "C2 CompilerThread0" daemon [_thread_in_native, id=7912, stack(0x00000000183d0000,0x00000000184d0000)]
  0x0000000016d65800 JavaThread "Attach Listener" daemon [_thread_blocked, id=10288, stack(0x00000000182d0000,0x00000000183d0000)]
  0x0000000016d64000 JavaThread "Signal Dispatcher" daemon [_thread_blocked, id=10460, stack(0x00000000181d0000,0x00000000182d0000)]
  0x00000000033ec800 JavaThread "Finalizer" daemon [_thread_blocked, id=1064, stack(0x0000000017fe0000,0x00000000180e0000)]
  0x00000000033e1800 JavaThread "Reference Handler" daemon [_thread_blocked, id=1464, stack(0x0000000017ee0000,0x0000000017fe0000)]
  0x00000000031ae000 JavaThread "main" [_thread_blocked, id=2620, stack(0x00000000031b0000,0x00000000032b0000)]

Other Threads:
  0x0000000016d26000 VMThread [stack: 0x0000000017de0000,0x0000000017ee0000] [id=11240]
  0x0000000016dbe000 WatcherThread [stack: 0x0000000018bd0000,0x0000000018cd0000] [id=2584]

VM state:not at safepoint (normal execution)

VM Mutex/Monitor currently owned by a thread: None

Heap:
 PSYoungGen      total 325632K, used 113163K [0x00000000e0000000, 0x00000000f8680000, 0x0000000100000000)
  eden space 300544K, 37% used [0x00000000e0000000,0x00000000e6e82fa0,0x00000000f2580000)
  from space 25088K, 0% used [0x00000000f5500000,0x00000000f5500000,0x00000000f6d80000)
  to   space 48640K, 0% used [0x00000000f2580000,0x00000000f2580000,0x00000000f5500000)
 ParOldGen       total 196096K, used 103326K [0x00000000a0000000, 0x00000000abf80000, 0x00000000e0000000)
  object space 196096K, 52% used [0x00000000a0000000,0x00000000a64e7ab0,0x00000000abf80000)
 Metaspace       used 84080K, capacity 87284K, committed 91096K, reserved 1128448K
  class space    used 10684K, capacity 11422K, committed 12288K, reserved 1048576K

Card table byte_map: [0x00000000127b0000,0x0000000012ac0000] byte_map_base: 0x00000000122b0000

Marking Bits: (ParMarkBitMap*) 0x00000000646a4970
 Begin Bits: [0x00000000130c0000, 0x00000000148c0000)
 End Bits:   [0x00000000148c0000, 0x00000000160c0000)

Polling page: 0x00000000019c0000

CodeCache: size=245760Kb used=52815Kb max_used=52815Kb free=192944Kb
 bounds [0x00000000033f0000, 0x00000000067d0000, 0x00000000123f0000]
 total_blobs=16162 nmethods=15309 adapters=764
 compilation: enabled

Compilation events (10 events):
Event: 2079.565 Thread 0x0000000016d62800 18616       1       com.android.tools.r8.graph.DexClass::clearEnclosingMethod (6 bytes)
Event: 2079.565 Thread 0x0000000016d62800 nmethod 18616 0x00000000067b2f90 code [0x00000000067b30e0, 0x00000000067b3210]
Event: 2079.580 Thread 0x0000000016d62800 18617 %     3       java.util.TimSort::mergeHi @ 191 (732 bytes)
Event: 2079.583 Thread 0x0000000016d62800 nmethod 18617% 0x00000000067b3290 code [0x00000000067b35c0, 0x00000000067b5898]
Event: 2079.584 Thread 0x0000000016d62800 18618 %     3       java.util.TimSort::mergeLo @ 153 (659 bytes)
Event: 2079.587 Thread 0x0000000016d62800 nmethod 18618% 0x00000000067b67d0 code [0x00000000067b6b00, 0x00000000067b8d58]
Event: 2079.587 Thread 0x0000000016d62800 18619       3       java.util.TimSort::mergeLo (659 bytes)
Event: 2079.590 Thread 0x0000000016d62800 nmethod 18619 0x00000000067b9bd0 code [0x00000000067b9f00, 0x00000000067bc098]
Event: 2079.590 Thread 0x0000000016d62800 18620       3       java.util.TimSort::mergeHi (732 bytes)
Event: 2079.593 Thread 0x0000000016d62800 nmethod 18620 0x00000000067bce50 code [0x00000000067bd180, 0x00000000067bf3b8]

GC Heap History (10 events):
Event: 379.119 GC heap before
{Heap before GC invocations=20 (full 3):
 PSYoungGen      total 295424K, used 295192K [0x00000000e0000000, 0x00000000f3800000, 0x0000000100000000)
  eden space 280064K, 99% used [0x00000000e0000000,0x00000000f1149118,0x00000000f1180000)
  from space 15360K, 99% used [0x00000000f2900000,0x00000000f37fd038,0x00000000f3800000)
  to   space 18432K, 0% used [0x00000000f1400000,0x00000000f1400000,0x00000000f2600000)
 ParOldGen       total 92160K, used 38537K [0x00000000a0000000, 0x00000000a5a00000, 0x00000000e0000000)
  object space 92160K, 41% used [0x00000000a0000000,0x00000000a25a2520,0x00000000a5a00000)
 Metaspace       used 69479K, capacity 72584K, committed 72664K, reserved 1112064K
  class space    used 9233K, capacity 9978K, committed 9984K, reserved 1048576K
Event: 379.186 GC heap after
Heap after GC invocations=20 (full 3):
 PSYoungGen      total 301056K, used 18410K [0x00000000e0000000, 0x00000000f7e80000, 0x0000000100000000)
  eden space 282624K, 0% used [0x00000000e0000000,0x00000000e0000000,0x00000000f1400000)
  from space 18432K, 99% used [0x00000000f1400000,0x00000000f25fa830,0x00000000f2600000)
  to   space 28160K, 0% used [0x00000000f6300000,0x00000000f6300000,0x00000000f7e80000)
 ParOldGen       total 92160K, used 56745K [0x00000000a0000000, 0x00000000a5a00000, 0x00000000e0000000)
  object space 92160K, 61% used [0x00000000a0000000,0x00000000a376a728,0x00000000a5a00000)
 Metaspace       used 69479K, capacity 72584K, committed 72664K, reserved 1112064K
  class space    used 9233K, capacity 9978K, committed 9984K, reserved 1048576K
}
Event: 1948.088 GC heap before
{Heap before GC invocations=21 (full 3):
 PSYoungGen      total 301056K, used 301028K [0x00000000e0000000, 0x00000000f7e80000, 0x0000000100000000)
  eden space 282624K, 99% used [0x00000000e0000000,0x00000000f13feab8,0x00000000f1400000)
  from space 18432K, 99% used [0x00000000f1400000,0x00000000f25fa830,0x00000000f2600000)
  to   space 28160K, 0% used [0x00000000f6300000,0x00000000f6300000,0x00000000f7e80000)
 ParOldGen       total 92160K, used 56745K [0x00000000a0000000, 0x00000000a5a00000, 0x00000000e0000000)
  object space 92160K, 61% used [0x00000000a0000000,0x00000000a376a728,0x00000000a5a00000)
 Metaspace       used 74805K, capacity 78120K, committed 78296K, reserved 1116160K
  class space    used 9864K, capacity 10644K, committed 10752K, reserved 1048576K
Event: 1948.263 GC heap after
Heap after GC invocations=21 (full 3):
 PSYoungGen      total 353280K, used 14630K [0x00000000e0000000, 0x00000000f7980000, 0x0000000100000000)
  eden space 330240K, 0% used [0x00000000e0000000,0x00000000e0000000,0x00000000f4280000)
  from space 23040K, 63% used [0x00000000f6300000,0x00000000f7149928,0x00000000f7980000)
  to   space 28160K, 0% used [0x00000000f4280000,0x00000000f4280000,0x00000000f5e00000)
 ParOldGen       total 92160K, used 71993K [0x00000000a0000000, 0x00000000a5a00000, 0x00000000e0000000)
  object space 92160K, 78% used [0x00000000a0000000,0x00000000a464e568,0x00000000a5a00000)
 Metaspace       used 74805K, capacity 78120K, committed 78296K, reserved 1116160K
  class space    used 9864K, capacity 10644K, committed 10752K, reserved 1048576K
}
Event: 2036.651 GC heap before
{Heap before GC invocations=22 (full 3):
 PSYoungGen      total 353280K, used 344870K [0x00000000e0000000, 0x00000000f7980000, 0x0000000100000000)
  eden space 330240K, 100% used [0x00000000e0000000,0x00000000f4280000,0x00000000f4280000)
  from space 23040K, 63% used [0x00000000f6300000,0x00000000f7149928,0x00000000f7980000)
  to   space 28160K, 0% used [0x00000000f4280000,0x00000000f4280000,0x00000000f5e00000)
 ParOldGen       total 92160K, used 71993K [0x00000000a0000000, 0x00000000a5a00000, 0x00000000e0000000)
  object space 92160K, 78% used [0x00000000a0000000,0x00000000a464e568,0x00000000a5a00000)
 Metaspace       used 77446K, capacity 80900K, committed 80984K, reserved 1120256K
  class space    used 10047K, capacity 10856K, committed 10880K, reserved 1048576K
Event: 2036.710 GC heap after
Heap after GC invocations=22 (full 3):
 PSYoungGen      total 334848K, used 18674K [0x00000000e0000000, 0x00000000f6d80000, 0x0000000100000000)
  eden space 315904K, 0% used [0x00000000e0000000,0x00000000e0000000,0x00000000f3480000)
  from space 18944K, 98% used [0x00000000f4280000,0x00000000f54bcb20,0x00000000f5500000)
  to   space 25088K, 0% used [0x00000000f5500000,0x00000000f5500000,0x00000000f6d80000)
 ParOldGen       total 92160K, used 72009K [0x00000000a0000000, 0x00000000a5a00000, 0x00000000e0000000)
  object space 92160K, 78% used [0x00000000a0000000,0x00000000a4652568,0x00000000a5a00000)
 Metaspace       used 77446K, capacity 80900K, committed 80984K, reserved 1120256K
  class space    used 10047K, capacity 10856K, committed 10880K, reserved 1048576K
}
Event: 2075.432 GC heap before
{Heap before GC invocations=23 (full 3):
 PSYoungGen      total 334848K, used 334578K [0x00000000e0000000, 0x00000000f6d80000, 0x0000000100000000)
  eden space 315904K, 100% used [0x00000000e0000000,0x00000000f3480000,0x00000000f3480000)
  from space 18944K, 98% used [0x00000000f4280000,0x00000000f54bcb20,0x00000000f5500000)
  to   space 25088K, 0% used [0x00000000f5500000,0x00000000f5500000,0x00000000f6d80000)
 ParOldGen       total 92160K, used 72009K [0x00000000a0000000, 0x00000000a5a00000, 0x00000000e0000000)
  object space 92160K, 78% used [0x00000000a0000000,0x00000000a4652568,0x00000000a5a00000)
 Metaspace       used 86274K, capacity 90900K, committed 91096K, reserved 1128448K
  class space    used 11186K, capacity 12184K, committed 12288K, reserved 1048576K
Event: 2075.593 GC heap after
Heap after GC invocations=23 (full 3):
 PSYoungGen      total 325632K, used 25071K [0x00000000e0000000, 0x00000000f8680000, 0x0000000100000000)
  eden space 300544K, 0% used [0x00000000e0000000,0x00000000e0000000,0x00000000f2580000)
  from space 25088K, 99% used [0x00000000f5500000,0x00000000f6d7bf98,0x00000000f6d80000)
  to   space 48640K, 0% used [0x00000000f2580000,0x00000000f2580000,0x00000000f5500000)
 ParOldGen       total 115200K, used 115074K [0x00000000a0000000, 0x00000000a7080000, 0x00000000e0000000)
  object space 115200K, 99% used [0x00000000a0000000,0x00000000a7060a78,0x00000000a7080000)
 Metaspace       used 86274K, capacity 90900K, committed 91096K, reserved 1128448K
  class space    used 11186K, capacity 12184K, committed 12288K, reserved 1048576K
}
Event: 2075.617 GC heap before
{Heap before GC invocations=24 (full 4):
 PSYoungGen      total 325632K, used 25071K [0x00000000e0000000, 0x00000000f8680000, 0x0000000100000000)
  eden space 300544K, 0% used [0x00000000e0000000,0x00000000e0000000,0x00000000f2580000)
  from space 25088K, 99% used [0x00000000f5500000,0x00000000f6d7bf98,0x00000000f6d80000)
  to   space 48640K, 0% used [0x00000000f2580000,0x00000000f2580000,0x00000000f5500000)
 ParOldGen       total 115200K, used 115074K [0x00000000a0000000, 0x00000000a7080000, 0x00000000e0000000)
  object space 115200K, 99% used [0x00000000a0000000,0x00000000a7060a78,0x00000000a7080000)
 Metaspace       used 86274K, capacity 90900K, committed 91096K, reserved 1128448K
  class space    used 11186K, capacity 12184K, committed 12288K, reserved 1048576K
Event: 2076.886 GC heap after
Heap after GC invocations=24 (full 4):
 PSYoungGen      total 325632K, used 0K [0x00000000e0000000, 0x00000000f8680000, 0x0000000100000000)
  eden space 300544K, 0% used [0x00000000e0000000,0x00000000e0000000,0x00000000f2580000)
  from space 25088K, 0% used [0x00000000f5500000,0x00000000f5500000,0x00000000f6d80000)
  to   space 48640K, 0% used [0x00000000f2580000,0x00000000f2580000,0x00000000f5500000)
 ParOldGen       total 196096K, used 103326K [0x00000000a0000000, 0x00000000abf80000, 0x00000000e0000000)
  object space 196096K, 52% used [0x00000000a0000000,0x00000000a64e7ab0,0x00000000abf80000)
 Metaspace       used 83925K, capacity 87176K, committed 91096K, reserved 1128448K
  class space    used 10672K, capacity 11412K, committed 12288K, reserved 1048576K
}

Deoptimization events (10 events):
Event: 2077.351 Thread 0x000000001c8bb000 Uncommon trap: reason=unstable_if action=reinterpret pc=0x00000000049d6da4 method=java.io.WinNTFileSystem.resolve(Ljava/lang/String;Ljava/lang/String;)Ljava/lang/String; @ 36
Event: 2077.355 Thread 0x000000001c8bb000 Uncommon trap: reason=unstable_if action=reinterpret pc=0x0000000005055ef0 method=java.io.ObjectStreamClass.processQueue(Ljava/lang/ref/ReferenceQueue;Ljava/util/concurrent/ConcurrentMap;)V @ 6
Event: 2077.615 Thread 0x000000001c8bb000 Uncommon trap: reason=unstable_if action=reinterpret pc=0x00000000039a16f4 method=java.lang.ref.SoftReference.get()Ljava/lang/Object; @ 6
Event: 2077.616 Thread 0x000000001c8bb000 Uncommon trap: reason=unstable_if action=reinterpret pc=0x00000000057b6d7c method=sun.util.locale.provider.LocaleResources.removeEmptyReferences()V @ 9
Event: 2079.150 Thread 0x000000001c056000 Uncommon trap: reason=unstable_if action=reinterpret pc=0x00000000059a5190 method=java.nio.Bits.copyToArray(JLjava/lang/Object;JJJ)V @ 19
Event: 2079.246 Thread 0x000000001c05a800 Uncommon trap: reason=unloaded action=reinterpret pc=0x0000000006608b90 method=com.android.tools.r8.code.BaseInstructionFactory.create(IILcom/android/tools/r8/code/BytecodeStream;Lcom/android/tools/r8/graph/OffsetToObjectMapping;)Lcom/android/tools/r8/cod
Event: 2079.259 Thread 0x000000001c05a800 Uncommon trap: reason=unstable_if action=reinterpret pc=0x0000000006543820 method=com.android.tools.r8.it.unimi.dsi.fastutil.ints.Int2ObjectOpenHashMap.insert(ILjava/lang/Object;)I @ 1
Event: 2079.266 Thread 0x000000001c05a800 Uncommon trap: reason=unstable_if action=reinterpret pc=0x0000000006545290 method=com.android.tools.r8.it.unimi.dsi.fastutil.ints.Int2ObjectOpenHashMap.insert(ILjava/lang/Object;)I @ 1
Event: 2079.436 Thread 0x000000001c05a800 Uncommon trap: reason=null_check action=make_not_entrant pc=0x0000000006650b8c method=com.android.tools.r8.dex.DexFileReader.debugInfoAt(I)Lcom/android/tools/r8/graph/DexDebugInfo; @ 11
Event: 2079.553 Thread 0x000000001c056000 Uncommon trap: reason=unstable_if action=reinterpret pc=0x000000000674a92c method=java.util.concurrent.ForkJoinPool.helpStealer(Ljava/util/concurrent/ForkJoinPool$WorkQueue;Ljava/util/concurrent/ForkJoinTask;)V @ 44

Classes redefined (0 events):
No events

Internal exceptions (10 events):
Event: 2045.394 Thread 0x000000001c8c4800 Exception <a 'sun/nio/fs/WindowsException'> (0x00000000e878d6f8) thrown at [D:\src\AOSP-openjdk-cygwin\jdk8u\hotspot\src\share\vm\prims\jni.cpp, line 709]
Event: 2045.399 Thread 0x000000001c8c4800 Exception <a 'sun/nio/fs/WindowsException'> (0x00000000e98a7570) thrown at [D:\src\AOSP-openjdk-cygwin\jdk8u\hotspot\src\share\vm\prims\jni.cpp, line 709]
Event: 2045.401 Thread 0x000000001c8c6800 Exception <a 'sun/nio/fs/WindowsException'> (0x00000000e97e4a28) thrown at [D:\src\AOSP-openjdk-cygwin\jdk8u\hotspot\src\share\vm\prims\jni.cpp, line 709]
Event: 2045.405 Thread 0x000000001c8c4800 Exception <a 'sun/nio/fs/WindowsException'> (0x00000000e98cc0f0) thrown at [D:\src\AOSP-openjdk-cygwin\jdk8u\hotspot\src\share\vm\prims\jni.cpp, line 709]
Event: 2072.731 Thread 0x000000001c8bb000 Exception <a 'sun/nio/fs/WindowsException'> (0x00000000eaf6eb58) thrown at [D:\src\AOSP-openjdk-cygwin\jdk8u\hotspot\src\share\vm\prims\jni.cpp, line 709]
Event: 2073.876 Thread 0x000000001c05a800 Implicit null exception at 0x0000000003538eaf to 0x0000000003538fa1
Event: 2073.876 Thread 0x000000001c057800 Implicit null exception at 0x0000000003538eaf to 0x0000000003538fa1
Event: 2075.133 Thread 0x000000001c05a800 Implicit null exception at 0x0000000006518492 to 0x0000000006518625
Event: 2077.316 Thread 0x000000001c05a800 Exception <a 'sun/nio/fs/WindowsException'> (0x00000000e192b488) thrown at [D:\src\AOSP-openjdk-cygwin\jdk8u\hotspot\src\share\vm\prims\jni.cpp, line 709]
Event: 2079.152 Thread 0x000000001c056000 Exception <a 'sun/nio/fs/WindowsException'> (0x00000000e2024710) thrown at [D:\src\AOSP-openjdk-cygwin\jdk8u\hotspot\src\share\vm\prims\jni.cpp, line 709]

Events (10 events):
Event: 2079.436 Thread 0x000000001c05a800 DEOPT UNPACKING pc=0x000000000343557b sp=0x000000002f87ef70 mode 2
Event: 2079.553 Thread 0x000000001c056000 Uncommon trap: trap_request=0xffffff65 fr.pc=0x000000000674a92c
Event: 2079.553 Thread 0x000000001c056000 DEOPT PACKING pc=0x000000000674a92c sp=0x000000002f77e9d0
Event: 2079.553 Thread 0x000000001c056000 DEOPT UNPACKING pc=0x000000000343557b sp=0x000000002f77e948 mode 2
Event: 2079.555 Thread 0x000000001c05a800 DEOPT PACKING pc=0x00000000065f7274 sp=0x000000002f87f120
Event: 2079.555 Thread 0x000000001c05a800 DEOPT UNPACKING pc=0x00000000034375d0 sp=0x000000002f87ee50 mode 0
Event: 2079.587 Thread 0x000000001c056000 DEOPT PACKING pc=0x00000000066d7599 sp=0x000000002f77e9b0
Event: 2079.587 Thread 0x000000001c056000 DEOPT UNPACKING pc=0x00000000034375d0 sp=0x000000002f77e720 mode 0
Event: 2079.589 Thread 0x000000001c056000 DEOPT PACKING pc=0x0000000003b50291 sp=0x000000002f77e9a0
Event: 2079.589 Thread 0x000000001c056000 DEOPT UNPACKING pc=0x00000000034375d0 sp=0x000000002f77e718 mode 0


Dynamic libraries:
0x00007ff7c7a80000 - 0x00007ff7c7ab1000 	C:\Users\Dell\Desktop\Android Studio\jre\bin\java.exe
0x00007fffbfb50000 - 0x00007fffbfd31000 	C:\WINDOWS\SYSTEM32\ntdll.dll
0x00007fffbde80000 - 0x00007fffbdf32000 	C:\WINDOWS\System32\KERNEL32.DLL
0x00007fffbcd00000 - 0x00007fffbcf73000 	C:\WINDOWS\System32\KERNELBASE.dll
0x00007fffbf660000 - 0x00007fffbf701000 	C:\WINDOWS\System32\ADVAPI32.dll
0x00007fffbf5c0000 - 0x00007fffbf65e000 	C:\WINDOWS\System32\msvcrt.dll
0x00007fffbd840000 - 0x00007fffbd89b000 	C:\WINDOWS\System32\sechost.dll
0x00007fffbf730000 - 0x00007fffbf854000 	C:\WINDOWS\System32\RPCRT4.dll
0x00007fffbd4a0000 - 0x00007fffbd630000 	C:\WINDOWS\System32\USER32.dll
0x00007fffbcce0000 - 0x00007fffbcd00000 	C:\WINDOWS\System32\win32u.dll
0x00007fffbd470000 - 0x00007fffbd498000 	C:\WINDOWS\System32\GDI32.dll
0x00007fffbc190000 - 0x00007fffbc322000 	C:\WINDOWS\System32\gdi32full.dll
0x00007fffbcaf0000 - 0x00007fffbcb8f000 	C:\WINDOWS\System32\msvcp_win.dll
0x00007fffbcb90000 - 0x00007fffbcc8a000 	C:\WINDOWS\System32\ucrtbase.dll
0x00007fffb0ba0000 - 0x00007fffb0e09000 	C:\WINDOWS\WinSxS\amd64_microsoft.windows.common-controls_6595b64144ccf1df_6.0.17134.345_none_fb429a5930656358\COMCTL32.dll
0x00007fffbcfe0000 - 0x00007fffbd303000 	C:\WINDOWS\System32\combase.dll
0x00007fffbbf20000 - 0x00007fffbbf9a000 	C:\WINDOWS\System32\bcryptPrimitives.dll
0x00007fffbf520000 - 0x00007fffbf54d000 	C:\WINDOWS\System32\IMM32.DLL
0x0000000063d80000 - 0x0000000063e52000 	C:\Users\Dell\Desktop\Android Studio\jre\jre\bin\msvcr100.dll
0x0000000063ee0000 - 0x000000006471f000 	C:\Users\Dell\Desktop\Android Studio\jre\jre\bin\server\jvm.dll
0x00007fffbdf40000 - 0x00007fffbdf48000 	C:\WINDOWS\System32\PSAPI.DLL
0x00007fffaa060000 - 0x00007fffaa069000 	C:\WINDOWS\SYSTEM32\WSOCK32.dll
0x00007fffb98c0000 - 0x00007fffb98e3000 	C:\WINDOWS\SYSTEM32\WINMM.dll
0x00007fffb0e20000 - 0x00007fffb0e2a000 	C:\WINDOWS\SYSTEM32\VERSION.dll
0x00007fffbfab0000 - 0x00007fffbfb1c000 	C:\WINDOWS\System32\WS2_32.dll
0x00007fffb9890000 - 0x00007fffb98ba000 	C:\WINDOWS\SYSTEM32\WINMMBASE.dll
0x00007fffbcc90000 - 0x00007fffbccd9000 	C:\WINDOWS\System32\cfgmgr32.dll
0x00007fffb8780000 - 0x00007fffb878f000 	C:\Users\Dell\Desktop\Android Studio\jre\jre\bin\verify.dll
0x00007fffb8750000 - 0x00007fffb8779000 	C:\Users\Dell\Desktop\Android Studio\jre\jre\bin\java.dll
0x00007fffb8730000 - 0x00007fffb8746000 	C:\Users\Dell\Desktop\Android Studio\jre\jre\bin\zip.dll
0x00007fffbe0e0000 - 0x00007fffbf51f000 	C:\WINDOWS\System32\SHELL32.dll
0x00007fffbf860000 - 0x00007fffbf909000 	C:\WINDOWS\System32\shcore.dll
0x00007fffbc3e0000 - 0x00007fffbcaed000 	C:\WINDOWS\System32\windows.storage.dll
0x00007fffbd690000 - 0x00007fffbd6e1000 	C:\WINDOWS\System32\shlwapi.dll
0x00007fffbbf00000 - 0x00007fffbbf11000 	C:\WINDOWS\System32\kernel.appcore.dll
0x00007fffbbec0000 - 0x00007fffbbedf000 	C:\WINDOWS\System32\profapi.dll
0x00007fffbbe70000 - 0x00007fffbbebc000 	C:\WINDOWS\System32\powrprof.dll
0x00007fffbbe60000 - 0x00007fffbbe6a000 	C:\WINDOWS\System32\FLTLIB.DLL
0x00007fffb4fc0000 - 0x00007fffb4fda000 	C:\Users\Dell\Desktop\Android Studio\jre\jre\bin\net.dll
0x00007fffbb6e0000 - 0x00007fffbb746000 	C:\WINDOWS\system32\mswsock.dll
0x00007fffb47a0000 - 0x00007fffb47b1000 	C:\Users\Dell\Desktop\Android Studio\jre\jre\bin\nio.dll
0x00007fffaf0a0000 - 0x00007fffaf0be000 	C:\Users\Dell\.gradle\native\25\windows-amd64\native-platform.dll
0x00007fffb0e40000 - 0x00007fffb0e4d000 	C:\Users\Dell\Desktop\Android Studio\jre\jre\bin\management.dll
0x00007fffbb890000 - 0x00007fffbb8a7000 	C:\WINDOWS\SYSTEM32\CRYPTSP.dll
0x00007fffbb260000 - 0x00007fffbb293000 	C:\WINDOWS\system32\rsaenh.dll
0x00007fffbb9c0000 - 0x00007fffbb9e5000 	C:\WINDOWS\SYSTEM32\bcrypt.dll
0x00007fffbbd90000 - 0x00007fffbbdb8000 	C:\WINDOWS\SYSTEM32\USERENV.dll
0x00007fffbb8b0000 - 0x00007fffbb8bb000 	C:\WINDOWS\SYSTEM32\CRYPTBASE.dll
0x00007fffbb460000 - 0x00007fffbb498000 	C:\WINDOWS\SYSTEM32\IPHLPAPI.DLL
0x00007fffbf5b0000 - 0x00007fffbf5b8000 	C:\WINDOWS\System32\NSI.dll
0x00007fffb2da0000 - 0x00007fffb2db6000 	C:\WINDOWS\SYSTEM32\dhcpcsvc6.DLL
0x00007fffb2de0000 - 0x00007fffb2dfa000 	C:\WINDOWS\SYSTEM32\dhcpcsvc.DLL
0x00007fffbaf50000 - 0x00007fffbaf81000 	C:\WINDOWS\SYSTEM32\ntmarta.dll

VM Arguments:
jvm_args: -Xmx1536m -Dfile.encoding=windows-1252 -Duser.country=IN -Duser.language=en -Duser.variant 
java_command: org.gradle.launcher.daemon.bootstrap.GradleDaemon 4.4
java_class_path (initial): C:\Users\Dell\.gradle\wrapper\dists\gradle-4.4-all\9br9xq1tocpiv8o6njlyu5op1\gradle-4.4\lib\gradle-launcher-4.4.jar
Launcher Type: SUN_STANDARD

Environment Variables:
JAVA_HOME=C:\Program Files\Java\jdk-9.0.1
PATH=C:\ProgramData\Oracle\Java\javapath;C:\Program Files (x86)\Intel\iCLS Client\;C:\Program Files\Intel\iCLS Client\;C:\WINDOWS\system32;C:\WINDOWS;C:\WINDOWS\System32\Wbem;C:\WINDOWS\System32\WindowsPowerShell\v1.0\;C:\Program Files (x86)\Intel\Intel(R) Management Engine Components\DAL;C:\Program Files\Intel\Intel(R) Management Engine Components\DAL;C:\Program Files (x86)\Intel\Intel(R) Management Engine Components\IPT;C:\Program Files\Intel\Intel(R) Management Engine Components\IPT;C:\Program Files\Microsoft SQL Server\110\Tools\Binn\;C:\Program Files\Intel\WiFi\bin\;C:\Program Files\Common Files\Intel\WirelessCommon\;C:\Python27;C:\Program Files\nodejs\;C:\Program Files\Git\cmd;C:\Users\Dell\AppData\Local\Microsoft\WindowsApps;C:\Users\Dell\AppData\Roaming\npm;C:\adb;%SystemRoot%\system32;%SystemRoot%;%SystemRoot%\System32\Wbem;%SYSTEMROOT%\System32\WindowsPowerShell\v1.0\;%SYSTEMROOT%\System32\OpenSSH\;C:\Users\Dell\AppData\Local\Microsoft\WindowsApps;C:\Users\Dell\AppData\Roaming\npm;
USERNAME=Dell
OS=Windows_NT
PROCESSOR_IDENTIFIER=Intel64 Family 6 Model 61 Stepping 4, GenuineIntel



---------------  S Y S T E M  ---------------

OS: Windows 10.0 , 64 bit Build 17134 (10.0.17134.1)

CPU:total 4 (initial active 4) (2 cores per cpu, 2 threads per core) family 6 model 61 stepping 4, cmov, cx8, fxsr, mmx, sse, sse2, sse3, ssse3, sse4.1, sse4.2, popcnt, avx, avx2, aes, clmul, erms, 3dnowpref, lzcnt, ht, tsc, tscinvbit, bmi1, bmi2, adx

Memory: 4k page, physical 4102716k(284196k free), swap 5532220k(3916k free)

vm_info: OpenJDK 64-Bit Server VM (25.152-b02) for windows-amd64 JRE (1.8.0_152-release-1024-b02), built by "builder" with MS VC++ 10.0 (VS2010)

time: Fri Nov 09 23:50:01 2018
elapsed time: 2079 seconds (0d 0h 34m 39s)

