#
# There is insufficient memory for the Java Runtime Environment to continue.
# Native memory allocation (malloc) failed to allocate 1355664 bytes for Chunk::new
# Possible reasons:
#   The system is out of physical RAM or swap space
#   In 32 bit mode, the process size limit was hit
# Possible solutions:
#   Reduce memory load on the system
#   Increase physical memory or swap space
#   Check if swap backing store is full
#   Use 64 bit Java on a 64 bit OS
#   Decrease Java heap size (-Xmx/-Xms)
#   Decrease number of Java threads
#   Decrease Java thread stack sizes (-Xss)
#   Set larger code cache with -XX:ReservedCodeCacheSize=
# This output file may be truncated or incomplete.
#
#  Out of Memory Error (allocation.cpp:390), pid=948, tid=0x0000000000002590
#
# JRE version: OpenJDK Runtime Environment (8.0_152-b02) (build 1.8.0_152-release-1024-b02)
# Java VM: OpenJDK 64-Bit Server VM (25.152-b02 mixed mode windows-amd64 compressed oops)
# Failed to write core dump. Minidumps are not enabled by default on client versions of Windows
#

---------------  T H R E A D  ---------------

Current thread (0x0000000016707000):  JavaThread "C2 CompilerThread0" daemon [_thread_in_native, id=9616, stack(0x0000000017d50000,0x0000000017e50000)]

Stack: [0x0000000017d50000,0x0000000017e50000]
[error occurred during error reporting (printing stack bounds), id 0xc0000005]

Native frames: (J=compiled Java code, j=interpreted, Vv=VM code, C=native code)


Current CompileTask:
C2: 476095 18362 %     4       com.android.tools.r8.org.objectweb.asm.ClassReader::readCode @ 74 (3575 bytes)


---------------  P R O C E S S  ---------------

Java Threads: ( => current thread )
  0x00000000199c9800 JavaThread "pool-16-thread-2" [_thread_blocked, id=10684, stack(0x0000000031240000,0x0000000031340000)]
  0x00000000199c9000 JavaThread "pool-16-thread-1" [_thread_blocked, id=6204, stack(0x0000000031140000,0x0000000031240000)]
  0x00000000199c2000 JavaThread "pool-14-thread-2" [_thread_blocked, id=9752, stack(0x0000000030f40000,0x0000000031040000)]
  0x00000000199c6800 JavaThread "pool-14-thread-1" [_thread_blocked, id=9244, stack(0x0000000030c40000,0x0000000030d40000)]
  0x00000000199c7800 JavaThread "ForkJoinPool.commonPool-worker-1" daemon [_thread_blocked, id=4348, stack(0x0000000030a40000,0x0000000030b40000)]
  0x00000000199c6000 JavaThread "ForkJoinPool.commonPool-worker-0" daemon [_thread_in_native, id=9792, stack(0x0000000030940000,0x0000000030a40000)]
  0x00000000199c1800 JavaThread "ForkJoinPool.commonPool-worker-2" daemon [_thread_in_native, id=2876, stack(0x0000000030740000,0x0000000030840000)]
  0x00000000199c5000 JavaThread "Cache worker for Java compile cache (C:\Users\Dell\AndroidStudioProjects\Trial\.gradle\4.4\javaCompile)" [_thread_blocked, id=9324, stack(0x000000002f740000,0x000000002f840000)]
  0x000000001de1c800 JavaThread "Task worker for ':' Thread 3" [_thread_blocked, id=6352, stack(0x000000002e940000,0x000000002ea40000)]
  0x000000001de10800 JavaThread "Task worker for ':' Thread 2" [_thread_blocked, id=9556, stack(0x000000002e840000,0x000000002e940000)]
  0x000000001de0f800 JavaThread "Task worker for ':'" [_thread_blocked, id=4560, stack(0x000000002e740000,0x000000002e840000)]
  0x000000001de16800 JavaThread "Cache worker for Build Output Cleanup Cache (C:\Users\Dell\AndroidStudioProjects\Trial\.gradle\buildOutputCleanup)" [_thread_blocked, id=768, stack(0x000000002e640000,0x000000002e740000)]
  0x000000001de15800 JavaThread "Cache worker for task history cache (C:\Users\Dell\AndroidStudioProjects\Trial\.gradle\4.4\taskHistory)" [_thread_blocked, id=300, stack(0x000000002e540000,0x000000002e640000)]
  0x000000001de13800 JavaThread "Cache worker for file content cache (C:\Users\Dell\AndroidStudioProjects\Trial\.gradle\4.4\fileContent)" [_thread_blocked, id=5920, stack(0x000000002e440000,0x000000002e540000)]
  0x000000001de11000 JavaThread "build operations Thread 4" [_thread_blocked, id=11104, stack(0x000000002e340000,0x000000002e440000)]
  0x000000001de15000 JavaThread "build operations Thread 3" [_thread_blocked, id=9356, stack(0x000000002e240000,0x000000002e340000)]
  0x000000001de14000 JavaThread "build operations Thread 2" [_thread_blocked, id=532, stack(0x000000002e140000,0x000000002e240000)]
  0x000000001de12800 JavaThread "build operations" [_thread_blocked, id=5568, stack(0x000000002e040000,0x000000002e140000)]
  0x000000001de12000 JavaThread "Cache worker for Artifact transforms cache (C:\Users\Dell\.gradle\caches\transforms-1)" [_thread_blocked, id=7056, stack(0x000000002df40000,0x000000002e040000)]
  0x0000000019cf0800 JavaThread "Cache worker for file hash cache (C:\Users\Dell\AndroidStudioProjects\Trial\.gradle\4.4\fileHashes)" [_thread_blocked, id=5544, stack(0x000000002de40000,0x000000002df40000)]
  0x0000000019cef800 JavaThread "Stdin handler" [_thread_blocked, id=8404, stack(0x000000002dd40000,0x000000002de40000)]
  0x0000000019cef000 JavaThread "Asynchronous log dispatcher for DefaultDaemonConnection: socket connection from /127.0.0.1:53449 to /127.0.0.1:53488" [_thread_blocked, id=780, stack(0x000000002dc40000,0x000000002dd40000)]
  0x0000000019ce2000 JavaThread "Daemon worker Thread 3" [_thread_blocked, id=8212, stack(0x000000002db40000,0x000000002dc40000)]
  0x0000000019ce8000 JavaThread "Cancel handler" [_thread_blocked, id=6004, stack(0x000000002da40000,0x000000002db40000)]
  0x0000000019ce7800 JavaThread "Handler for socket connection from /127.0.0.1:53449 to /127.0.0.1:53488" [_thread_in_native, id=7556, stack(0x000000002d940000,0x000000002da40000)]
  0x0000000019ce4800 JavaThread "Daemon Thread 3" [_thread_blocked, id=6552, stack(0x000000002d840000,0x000000002d940000)]
  0x00000000199c0800 JavaThread "Java2D Disposer" daemon [_thread_blocked, id=5436, stack(0x0000000026f40000,0x0000000027040000)]
  0x0000000019ce5000 JavaThread "Memory manager" [_thread_blocked, id=2040, stack(0x0000000021d10000,0x0000000021e10000)]
  0x0000000019725800 JavaThread "File lock request listener" [_thread_in_native, id=312, stack(0x000000001b1a0000,0x000000001b2a0000)]
  0x0000000019747800 JavaThread "Cache worker for file hash cache (C:\Users\Dell\.gradle\caches\4.4\fileHashes)" [_thread_blocked, id=7524, stack(0x000000001b0a0000,0x000000001b1a0000)]
  0x0000000018a51000 JavaThread "Daemon periodic checks" [_thread_blocked, id=9832, stack(0x000000001a5a0000,0x000000001a6a0000)]
  0x0000000018b93800 JavaThread "Incoming local TCP Connector on port 53449" [_thread_in_native, id=8156, stack(0x000000001a360000,0x000000001a460000)]
  0x000000001675d800 JavaThread "Service Thread" daemon [_thread_blocked, id=10040, stack(0x0000000018450000,0x0000000018550000)]
  0x0000000016709000 JavaThread "C1 CompilerThread2" daemon [_thread_in_vm, id=11076, stack(0x0000000017f50000,0x0000000018050000)]
  0x00000000166fb000 JavaThread "C2 CompilerThread1" daemon [_thread_in_native, id=2292, stack(0x0000000017e50000,0x0000000017f50000)]
=>0x0000000016707000 JavaThread "C2 CompilerThread0" daemon [_thread_in_native, id=9616, stack(0x0000000017d50000,0x0000000017e50000)]
  0x0000000016705800 JavaThread "Attach Listener" daemon [_thread_blocked, id=6664, stack(0x0000000017c50000,0x0000000017d50000)]
  0x0000000016704000 JavaThread "Signal Dispatcher" daemon [_thread_blocked, id=7700, stack(0x0000000017b50000,0x0000000017c50000)]
  0x0000000002d8c800 JavaThread "Finalizer" daemon [_thread_blocked, id=5108, stack(0x0000000017960000,0x0000000017a60000)]
  0x0000000002d81800 JavaThread "Reference Handler" daemon [_thread_blocked, id=10760, stack(0x0000000017860000,0x0000000017960000)]
  0x0000000002aee000 JavaThread "main" [_thread_blocked, id=8220, stack(0x0000000002b90000,0x0000000002c90000)]

Other Threads:
  0x00000000166c6000 VMThread [stack: 0x0000000017760000,0x0000000017860000] [id=10788]
  0x000000001675e800 WatcherThread [stack: 0x0000000018550000,0x0000000018650000] [id=3096]

VM state:not at safepoint (normal execution)

VM Mutex/Monitor currently owned by a thread: None

Heap:
 PSYoungGen      total 410112K, used 81860K [0x00000000e0000000, 0x00000000fe380000, 0x0000000100000000)
  eden space 381440K, 20% used [0x00000000e0000000,0x00000000e4c00ec0,0x00000000f7480000)
  from space 28672K, 14% used [0x00000000f7480000,0x00000000f7870360,0x00000000f9080000)
  to   space 26112K, 0% used [0x00000000fca00000,0x00000000fca00000,0x00000000fe380000)
 ParOldGen       total 96768K, used 80444K [0x00000000a0000000, 0x00000000a5e80000, 0x00000000e0000000)
  object space 96768K, 83% used [0x00000000a0000000,0x00000000a4e8f000,0x00000000a5e80000)
 Metaspace       used 83420K, capacity 87280K, committed 87384K, reserved 1126400K
  class space    used 10629K, capacity 11349K, committed 11392K, reserved 1048576K

Card table byte_map: [0x0000000012150000,0x0000000012460000] byte_map_base: 0x0000000011c50000

Marking Bits: (ParMarkBitMap*) 0x00000000646a4970
 Begin Bits: [0x0000000012a60000, 0x0000000014260000)
 End Bits:   [0x0000000014260000, 0x0000000015a60000)

Polling page: 0x0000000002a10000

CodeCache: size=245760Kb used=48928Kb max_used=48952Kb free=196831Kb
 bounds [0x0000000002d90000, 0x0000000005da0000, 0x0000000011d90000]
 total_blobs=15807 nmethods=14863 adapters=853
 compilation: enabled

Compilation events (10 events):
Event: 475.904 Thread 0x0000000016709000 nmethod 18732 0x0000000005d89cd0 code [0x0000000005d89e20, 0x0000000005d89fb0]
Event: 475.904 Thread 0x0000000016709000 18733       2       com.android.tools.r8.ir.code.InvokeMethod::getReturnType (11 bytes)
Event: 475.904 Thread 0x0000000016709000 nmethod 18733 0x0000000005d8a0d0 code [0x0000000005d8a220, 0x0000000005d8a370]
Event: 475.906 Thread 0x0000000016709000 18748       2       java.nio.DirectByteBuffer::put (126 bytes)
Event: 475.907 Thread 0x0000000016709000 nmethod 18748 0x0000000005d8a450 code [0x0000000005d8a600, 0x0000000005d8a988]
Event: 475.910 Thread 0x0000000016709000 18749       2       com.android.tools.r8.ir.code.IRCode::splitCriticalEdges (210 bytes)
Event: 475.915 Thread 0x0000000016709000 nmethod 18749 0x0000000005d8abd0 code [0x0000000005d8af40, 0x0000000005d8c098]
Event: 475.915 Thread 0x0000000016709000 18754       2       com.android.tools.r8.ir.desugar.StringConcatRewriter::desugarStringConcats (156 bytes)
Event: 475.917 Thread 0x0000000016709000 nmethod 18754 0x0000000005d8d710 code [0x0000000005d8d960, 0x0000000005d8e1e8]
Event: 475.917 Thread 0x0000000016709000 18755       2       com.android.tools.r8.ir.optimize.ConstantCanonicalizer::canonicalize (235 bytes)

GC Heap History (10 events):
Event: 200.940 GC heap before
{Heap before GC invocations=24 (full 3):
 PSYoungGen      total 345088K, used 345087K [0x00000000e0000000, 0x00000000f7680000, 0x0000000100000000)
  eden space 321536K, 100% used [0x00000000e0000000,0x00000000f3a00000,0x00000000f3a00000)
  from space 23552K, 99% used [0x00000000f5780000,0x00000000f6e7fe10,0x00000000f6e80000)
  to   space 30208K, 0% used [0x00000000f3a00000,0x00000000f3a00000,0x00000000f5780000)
 ParOldGen       total 96768K, used 67599K [0x00000000a0000000, 0x00000000a5e80000, 0x00000000e0000000)
  object space 96768K, 69% used [0x00000000a0000000,0x00000000a4203e40,0x00000000a5e80000)
 Metaspace       used 78775K, capacity 81882K, committed 82136K, reserved 1120256K
  class space    used 10077K, capacity 10688K, committed 10752K, reserved 1048576K
Event: 200.970 GC heap after
Heap after GC invocations=24 (full 3):
 PSYoungGen      total 351744K, used 864K [0x00000000e0000000, 0x00000000fb580000, 0x0000000100000000)
  eden space 321536K, 0% used [0x00000000e0000000,0x00000000e0000000,0x00000000f3a00000)
  from space 30208K, 2% used [0x00000000f3a00000,0x00000000f3ad8000,0x00000000f5780000)
  to   space 30208K, 0% used [0x00000000f9800000,0x00000000f9800000,0x00000000fb580000)
 ParOldGen       total 96768K, used 74420K [0x00000000a0000000, 0x00000000a5e80000, 0x00000000e0000000)
  object space 96768K, 76% used [0x00000000a0000000,0x00000000a48ad0c8,0x00000000a5e80000)
 Metaspace       used 78775K, capacity 81882K, committed 82136K, reserved 1120256K
  class space    used 10077K, capacity 10688K, committed 10752K, reserved 1048576K
}
Event: 204.969 GC heap before
{Heap before GC invocations=25 (full 3):
 PSYoungGen      total 351744K, used 321710K [0x00000000e0000000, 0x00000000fb580000, 0x0000000100000000)
  eden space 321536K, 99% used [0x00000000e0000000,0x00000000f39538e0,0x00000000f3a00000)
  from space 30208K, 2% used [0x00000000f3a00000,0x00000000f3ad8000,0x00000000f5780000)
  to   space 30208K, 0% used [0x00000000f9800000,0x00000000f9800000,0x00000000fb580000)
 ParOldGen       total 96768K, used 74420K [0x00000000a0000000, 0x00000000a5e80000, 0x00000000e0000000)
  object space 96768K, 76% used [0x00000000a0000000,0x00000000a48ad0c8,0x00000000a5e80000)
 Metaspace       used 80494K, capacity 83966K, committed 84312K, reserved 1122304K
  class space    used 10323K, capacity 11012K, committed 11136K, reserved 1048576K
Event: 204.981 GC heap after
Heap after GC invocations=25 (full 3):
 PSYoungGen      total 402432K, used 9720K [0x00000000e0000000, 0x00000000fac80000, 0x0000000100000000)
  eden space 381440K, 0% used [0x00000000e0000000,0x00000000e0000000,0x00000000f7480000)
  from space 20992K, 46% used [0x00000000f9800000,0x00000000fa17e0c0,0x00000000fac80000)
  to   space 28672K, 0% used [0x00000000f7480000,0x00000000f7480000,0x00000000f9080000)
 ParOldGen       total 96768K, used 74716K [0x00000000a0000000, 0x00000000a5e80000, 0x00000000e0000000)
  object space 96768K, 77% used [0x00000000a0000000,0x00000000a48f70c8,0x00000000a5e80000)
 Metaspace       used 80494K, capacity 83966K, committed 84312K, reserved 1122304K
  class space    used 10323K, capacity 11012K, committed 11136K, reserved 1048576K
}
Event: 205.093 GC heap before
{Heap before GC invocations=26 (full 3):
 PSYoungGen      total 402432K, used 390564K [0x00000000e0000000, 0x00000000fac80000, 0x0000000100000000)
  eden space 381440K, 99% used [0x00000000e0000000,0x00000000f73eafc0,0x00000000f7480000)
  from space 20992K, 46% used [0x00000000f9800000,0x00000000fa17e0c0,0x00000000fac80000)
  to   space 28672K, 0% used [0x00000000f7480000,0x00000000f7480000,0x00000000f9080000)
 ParOldGen       total 96768K, used 74716K [0x00000000a0000000, 0x00000000a5e80000, 0x00000000e0000000)
  object space 96768K, 77% used [0x00000000a0000000,0x00000000a48f70c8,0x00000000a5e80000)
 Metaspace       used 80504K, capacity 83966K, committed 84312K, reserved 1122304K
  class space    used 10323K, capacity 11012K, committed 11136K, reserved 1048576K
Event: 205.099 GC heap after
Heap after GC invocations=26 (full 3):
 PSYoungGen      total 410112K, used 2553K [0x00000000e0000000, 0x00000000fac80000, 0x0000000100000000)
  eden space 381440K, 0% used [0x00000000e0000000,0x00000000e0000000,0x00000000f7480000)
  from space 28672K, 8% used [0x00000000f7480000,0x00000000f76fe6d8,0x00000000f9080000)
  to   space 20992K, 0% used [0x00000000f9800000,0x00000000f9800000,0x00000000fac80000)
 ParOldGen       total 96768K, used 74724K [0x00000000a0000000, 0x00000000a5e80000, 0x00000000e0000000)
  object space 96768K, 77% used [0x00000000a0000000,0x00000000a48f90c8,0x00000000a5e80000)
 Metaspace       used 80504K, capacity 83966K, committed 84312K, reserved 1122304K
  class space    used 10323K, capacity 11012K, committed 11136K, reserved 1048576K
}
Event: 461.370 GC heap before
{Heap before GC invocations=27 (full 3):
 PSYoungGen      total 410112K, used 383478K [0x00000000e0000000, 0x00000000fac80000, 0x0000000100000000)
  eden space 381440K, 99% used [0x00000000e0000000,0x00000000f73ff460,0x00000000f7480000)
  from space 28672K, 8% used [0x00000000f7480000,0x00000000f76fe6d8,0x00000000f9080000)
  to   space 20992K, 0% used [0x00000000f9800000,0x00000000f9800000,0x00000000fac80000)
 ParOldGen       total 96768K, used 74724K [0x00000000a0000000, 0x00000000a5e80000, 0x00000000e0000000)
  object space 96768K, 77% used [0x00000000a0000000,0x00000000a48f90c8,0x00000000a5e80000)
 Metaspace       used 81812K, capacity 85626K, committed 85720K, reserved 1124352K
  class space    used 10482K, capacity 11208K, committed 11264K, reserved 1048576K
Event: 461.399 GC heap after
Heap after GC invocations=27 (full 3):
 PSYoungGen      total 402432K, used 8509K [0x00000000e0000000, 0x00000000fac80000, 0x0000000100000000)
  eden space 381440K, 0% used [0x00000000e0000000,0x00000000e0000000,0x00000000f7480000)
  from space 20992K, 40% used [0x00000000f9800000,0x00000000fa04f4e8,0x00000000fac80000)
  to   space 28672K, 0% used [0x00000000f7480000,0x00000000f7480000,0x00000000f9080000)
 ParOldGen       total 96768K, used 75445K [0x00000000a0000000, 0x00000000a5e80000, 0x00000000e0000000)
  object space 96768K, 77% used [0x00000000a0000000,0x00000000a49ad608,0x00000000a5e80000)
 Metaspace       used 81812K, capacity 85626K, committed 85720K, reserved 1124352K
  class space    used 10482K, capacity 11208K, committed 11264K, reserved 1048576K
}
Event: 471.939 GC heap before
{Heap before GC invocations=28 (full 3):
 PSYoungGen      total 402432K, used 389949K [0x00000000e0000000, 0x00000000fac80000, 0x0000000100000000)
  eden space 381440K, 100% used [0x00000000e0000000,0x00000000f7480000,0x00000000f7480000)
  from space 20992K, 40% used [0x00000000f9800000,0x00000000fa04f4e8,0x00000000fac80000)
  to   space 28672K, 0% used [0x00000000f7480000,0x00000000f7480000,0x00000000f9080000)
 ParOldGen       total 96768K, used 75445K [0x00000000a0000000, 0x00000000a5e80000, 0x00000000e0000000)
  object space 96768K, 77% used [0x00000000a0000000,0x00000000a49ad608,0x00000000a5e80000)
 Metaspace       used 83029K, capacity 86830K, committed 87128K, reserved 1124352K
  class space    used 10608K, capacity 11338K, committed 11392K, reserved 1048576K
Event: 471.960 GC heap after
Heap after GC invocations=28 (full 3):
 PSYoungGen      total 410112K, used 4032K [0x00000000e0000000, 0x00000000fe380000, 0x0000000100000000)
  eden space 381440K, 0% used [0x00000000e0000000,0x00000000e0000000,0x00000000f7480000)
  from space 28672K, 14% used [0x00000000f7480000,0x00000000f7870360,0x00000000f9080000)
  to   space 26112K, 0% used [0x00000000fca00000,0x00000000fca00000,0x00000000fe380000)
 ParOldGen       total 96768K, used 80444K [0x00000000a0000000, 0x00000000a5e80000, 0x00000000e0000000)
  object space 96768K, 83% used [0x00000000a0000000,0x00000000a4e8f000,0x00000000a5e80000)
 Metaspace       used 83029K, capacity 86830K, committed 87128K, reserved 1124352K
  class space    used 10608K, capacity 11338K, committed 11392K, reserved 1048576K
}

Deoptimization events (10 events):
Event: 469.457 Thread 0x000000001de10800 Uncommon trap: reason=class_check action=maybe_recompile pc=0x0000000004a2adb4 method=com.sun.org.apache.xerces.internal.dom.NodeImpl.ownerDocument()Lcom/sun/org/apache/xerces/internal/dom/CoreDocumentImpl; @ 19
Event: 469.457 Thread 0x000000001de10800 Uncommon trap: reason=unstable_if action=reinterpret pc=0x000000000449360c method=com.sun.org.apache.xerces.internal.dom.AttrImpl.getValue()Ljava/lang/String; @ 15
Event: 475.371 Thread 0x00000000199c3000 Uncommon trap: reason=unstable_if action=reinterpret pc=0x0000000004d00544 method=com.android.tools.r8.graph.JarClassFileReader$CreateFieldVisitor.getStaticValue(Ljava/lang/Object;Lcom/android/tools/r8/graph/DexType;)Lcom/android/tools/r8/graph/DexValue; 
Event: 475.371 Thread 0x00000000199c3000 Uncommon trap: reason=unstable_if action=reinterpret pc=0x000000000538bd28 method=com.android.tools.r8.graph.JarClassFileReader$CreateFieldVisitor.getStaticValue(Ljava/lang/Object;Lcom/android/tools/r8/graph/DexType;)Lcom/android/tools/r8/graph/DexValue; 
Event: 475.518 Thread 0x00000000199c9800 Uncommon trap: reason=unstable_if action=reinterpret pc=0x0000000005ae2850 method=java.util.stream.MatchOps$BooleanTerminalSink.<init>(Ljava/util/stream/MatchOps$MatchKind;)V @ 9
Event: 475.519 Thread 0x00000000199c9800 Uncommon trap: reason=unstable_if action=reinterpret pc=0x0000000005ae73c8 method=java.util.stream.MatchOps$BooleanTerminalSink.<init>(Ljava/util/stream/MatchOps$MatchKind;)V @ 9
Event: 475.541 Thread 0x00000000199c3000 Uncommon trap: reason=unstable_if action=reinterpret pc=0x0000000005556928 method=com.android.tools.r8.com.google.common.collect.ImmutableSet.construct(I[Ljava/lang/Object;)Lcom/android/tools/r8/com/google/common/collect/ImmutableSet; @ 146
Event: 475.541 Thread 0x00000000199c3000 Uncommon trap: reason=unstable_if action=reinterpret pc=0x00000000030a34b4 method=java.util.ArrayList.remove(Ljava/lang/Object;)Z @ 46
Event: 475.545 Thread 0x00000000199c3000 Uncommon trap: reason=unstable_if action=reinterpret pc=0x0000000005864028 method=java.util.stream.MatchOps$BooleanTerminalSink.<init>(Ljava/util/stream/MatchOps$MatchKind;)V @ 9
Event: 475.859 Thread 0x00000000199c3000 Uncommon trap: reason=array_check action=maybe_recompile pc=0x00000000058e6080 method=java.util.TimSort.mergeLo(IIII)V @ 133

Classes redefined (0 events):
No events

Internal exceptions (10 events):
Event: 475.211 Thread 0x000000001de10800 Exception <a 'sun/nio/fs/WindowsException'> (0x00000000e1c2cd30) thrown at [D:\src\AOSP-openjdk-cygwin\jdk8u\hotspot\src\share\vm\prims\jni.cpp, line 709]
Event: 475.221 Thread 0x000000001de10800 Exception <a 'sun/nio/fs/WindowsException'> (0x00000000e1c653e8) thrown at [D:\src\AOSP-openjdk-cygwin\jdk8u\hotspot\src\share\vm\prims\jni.cpp, line 709]
Event: 475.246 Thread 0x000000001de10800 Exception <a 'sun/nio/fs/WindowsException'> (0x00000000e1cb4c38) thrown at [D:\src\AOSP-openjdk-cygwin\jdk8u\hotspot\src\share\vm\prims\jni.cpp, line 709]
Event: 475.268 Thread 0x000000001de10800 Exception <a 'sun/nio/fs/WindowsException'> (0x00000000e1ce5e30) thrown at [D:\src\AOSP-openjdk-cygwin\jdk8u\hotspot\src\share\vm\prims\jni.cpp, line 709]
Event: 475.278 Thread 0x000000001de10800 Exception <a 'sun/nio/fs/WindowsException'> (0x00000000e1d17158) thrown at [D:\src\AOSP-openjdk-cygwin\jdk8u\hotspot\src\share\vm\prims\jni.cpp, line 709]
Event: 475.288 Thread 0x000000001de10800 Exception <a 'sun/nio/fs/WindowsException'> (0x00000000e1d48830) thrown at [D:\src\AOSP-openjdk-cygwin\jdk8u\hotspot\src\share\vm\prims\jni.cpp, line 709]
Event: 475.298 Thread 0x000000001de10800 Exception <a 'sun/nio/fs/WindowsException'> (0x00000000e1d79918) thrown at [D:\src\AOSP-openjdk-cygwin\jdk8u\hotspot\src\share\vm\prims\jni.cpp, line 709]
Event: 475.307 Thread 0x000000001de10800 Exception <a 'sun/nio/fs/WindowsException'> (0x00000000e1daad48) thrown at [D:\src\AOSP-openjdk-cygwin\jdk8u\hotspot\src\share\vm\prims\jni.cpp, line 709]
Event: 475.316 Thread 0x000000001de10800 Exception <a 'sun/nio/fs/WindowsException'> (0x00000000e1ddbfa8) thrown at [D:\src\AOSP-openjdk-cygwin\jdk8u\hotspot\src\share\vm\prims\jni.cpp, line 709]
Event: 475.325 Thread 0x000000001de10800 Exception <a 'sun/nio/fs/WindowsException'> (0x00000000e1e0dc40) thrown at [D:\src\AOSP-openjdk-cygwin\jdk8u\hotspot\src\share\vm\prims\jni.cpp, line 709]

Events (10 events):
Event: 475.883 loading class com/android/tools/r8/utils/ZipUtils done
Event: 475.899 Thread 0x00000000199c6800 DEOPT PACKING pc=0x0000000004679611 sp=0x0000000030d3e3c0
Event: 475.899 Thread 0x00000000199c6800 DEOPT UNPACKING pc=0x0000000002dd75d0 sp=0x0000000030d3e130 mode 0
Event: 475.908 Executing VM operation: RevokeBias
Event: 475.909 Executing VM operation: RevokeBias done
Event: 475.909 Executing VM operation: RevokeBias
Event: 475.909 Executing VM operation: RevokeBias done
Event: 475.909 Executing VM operation: RevokeBias
Event: 475.909 Executing VM operation: RevokeBias done
Event: 475.917 Executing VM operation: RevokeBias


Dynamic libraries:
0x00007ff7c7a80000 - 0x00007ff7c7ab1000 	C:\Users\Dell\Desktop\Android Studio\jre\bin\java.exe
0x00007fffbfb50000 - 0x00007fffbfd31000 	C:\WINDOWS\SYSTEM32\ntdll.dll
0x00007fffbde80000 - 0x00007fffbdf32000 	C:\WINDOWS\System32\KERNEL32.DLL
0x00007fffbcd00000 - 0x00007fffbcf73000 	C:\WINDOWS\System32\KERNELBASE.dll
0x00007fffbf660000 - 0x00007fffbf701000 	C:\WINDOWS\System32\ADVAPI32.dll
0x00007fffbf5c0000 - 0x00007fffbf65e000 	C:\WINDOWS\System32\msvcrt.dll
0x00007fffbd840000 - 0x00007fffbd89b000 	C:\WINDOWS\System32\sechost.dll
0x00007fffbf730000 - 0x00007fffbf854000 	C:\WINDOWS\System32\RPCRT4.dll
0x00007fffbd4a0000 - 0x00007fffbd630000 	C:\WINDOWS\System32\USER32.dll
0x00007fffbcce0000 - 0x00007fffbcd00000 	C:\WINDOWS\System32\win32u.dll
0x00007fffbd470000 - 0x00007fffbd498000 	C:\WINDOWS\System32\GDI32.dll
0x00007fffbc190000 - 0x00007fffbc322000 	C:\WINDOWS\System32\gdi32full.dll
0x00007fffbcaf0000 - 0x00007fffbcb8f000 	C:\WINDOWS\System32\msvcp_win.dll
0x00007fffbcb90000 - 0x00007fffbcc8a000 	C:\WINDOWS\System32\ucrtbase.dll
0x00007fffb0ba0000 - 0x00007fffb0e09000 	C:\WINDOWS\WinSxS\amd64_microsoft.windows.common-controls_6595b64144ccf1df_6.0.17134.345_none_fb429a5930656358\COMCTL32.dll
0x00007fffbcfe0000 - 0x00007fffbd303000 	C:\WINDOWS\System32\combase.dll
0x00007fffbbf20000 - 0x00007fffbbf9a000 	C:\WINDOWS\System32\bcryptPrimitives.dll
0x00007fffbf520000 - 0x00007fffbf54d000 	C:\WINDOWS\System32\IMM32.DLL
0x0000000063d80000 - 0x0000000063e52000 	C:\Users\Dell\Desktop\Android Studio\jre\jre\bin\msvcr100.dll
0x0000000063ee0000 - 0x000000006471f000 	C:\Users\Dell\Desktop\Android Studio\jre\jre\bin\server\jvm.dll
0x00007fffbdf40000 - 0x00007fffbdf48000 	C:\WINDOWS\System32\PSAPI.DLL
0x00007fffb0e20000 - 0x00007fffb0e2a000 	C:\WINDOWS\SYSTEM32\VERSION.dll
0x00007fffb98c0000 - 0x00007fffb98e3000 	C:\WINDOWS\SYSTEM32\WINMM.dll
0x00007fffaa060000 - 0x00007fffaa069000 	C:\WINDOWS\SYSTEM32\WSOCK32.dll
0x00007fffbfab0000 - 0x00007fffbfb1c000 	C:\WINDOWS\System32\WS2_32.dll
0x00007fffb9890000 - 0x00007fffb98ba000 	C:\WINDOWS\SYSTEM32\WINMMBASE.dll
0x00007fffbcc90000 - 0x00007fffbccd9000 	C:\WINDOWS\System32\cfgmgr32.dll
0x00007fffb8780000 - 0x00007fffb878f000 	C:\Users\Dell\Desktop\Android Studio\jre\jre\bin\verify.dll
0x00007fffb8750000 - 0x00007fffb8779000 	C:\Users\Dell\Desktop\Android Studio\jre\jre\bin\java.dll
0x00007fffb8730000 - 0x00007fffb8746000 	C:\Users\Dell\Desktop\Android Studio\jre\jre\bin\zip.dll
0x00007fffbe0e0000 - 0x00007fffbf51f000 	C:\WINDOWS\System32\SHELL32.dll
0x00007fffbf860000 - 0x00007fffbf909000 	C:\WINDOWS\System32\shcore.dll
0x00007fffbc3e0000 - 0x00007fffbcaed000 	C:\WINDOWS\System32\windows.storage.dll
0x00007fffbd690000 - 0x00007fffbd6e1000 	C:\WINDOWS\System32\shlwapi.dll
0x00007fffbbf00000 - 0x00007fffbbf11000 	C:\WINDOWS\System32\kernel.appcore.dll
0x00007fffbbec0000 - 0x00007fffbbedf000 	C:\WINDOWS\System32\profapi.dll
0x00007fffbbe70000 - 0x00007fffbbebc000 	C:\WINDOWS\System32\powrprof.dll
0x00007fffbbe60000 - 0x00007fffbbe6a000 	C:\WINDOWS\System32\FLTLIB.DLL
0x00007fffb4fc0000 - 0x00007fffb4fda000 	C:\Users\Dell\Desktop\Android Studio\jre\jre\bin\net.dll
0x00007fffbb6e0000 - 0x00007fffbb746000 	C:\WINDOWS\system32\mswsock.dll
0x00007fffb47a0000 - 0x00007fffb47b1000 	C:\Users\Dell\Desktop\Android Studio\jre\jre\bin\nio.dll
0x00007fffaf0a0000 - 0x00007fffaf0be000 	C:\Users\Dell\.gradle\native\25\windows-amd64\native-platform.dll
0x00007fffb0e40000 - 0x00007fffb0e4d000 	C:\Users\Dell\Desktop\Android Studio\jre\jre\bin\management.dll
0x00007fffbb890000 - 0x00007fffbb8a7000 	C:\WINDOWS\SYSTEM32\CRYPTSP.dll
0x00007fffbb260000 - 0x00007fffbb293000 	C:\WINDOWS\system32\rsaenh.dll
0x00007fffbb9c0000 - 0x00007fffbb9e5000 	C:\WINDOWS\SYSTEM32\bcrypt.dll
0x00007fffbbd90000 - 0x00007fffbbdb8000 	C:\WINDOWS\SYSTEM32\USERENV.dll
0x00007fffbb8b0000 - 0x00007fffbb8bb000 	C:\WINDOWS\SYSTEM32\CRYPTBASE.dll
0x00007fffbb460000 - 0x00007fffbb498000 	C:\WINDOWS\SYSTEM32\IPHLPAPI.DLL
0x00007fffbf5b0000 - 0x00007fffbf5b8000 	C:\WINDOWS\System32\NSI.dll
0x00007fffb2da0000 - 0x00007fffb2db6000 	C:\WINDOWS\SYSTEM32\dhcpcsvc6.DLL
0x00007fffb2de0000 - 0x00007fffb2dfa000 	C:\WINDOWS\SYSTEM32\dhcpcsvc.DLL
0x00007fff91aa0000 - 0x00007fff91c36000 	C:\Users\Dell\Desktop\Android Studio\jre\jre\bin\awt.dll
0x00007fffbd770000 - 0x00007fffbd832000 	C:\WINDOWS\System32\OLEAUT32.dll
0x00007fffb9120000 - 0x00007fffb96e7000 	C:\WINDOWS\SYSTEM32\d2d1.dll
0x00007fffb9ef0000 - 0x00007fffb9f7b000 	C:\WINDOWS\SYSTEM32\apphelp.dll
0x00007fffba300000 - 0x00007fffba329000 	C:\WINDOWS\system32\DWMAPI.DLL
0x00007fffba070000 - 0x00007fffba108000 	C:\WINDOWS\system32\uxtheme.dll
0x00007fffbaf50000 - 0x00007fffbaf81000 	C:\WINDOWS\SYSTEM32\ntmarta.dll

VM Arguments:
jvm_args: -Xmx1536m -Dfile.encoding=windows-1252 -Duser.country=IN -Duser.language=en -Duser.variant 
java_command: org.gradle.launcher.daemon.bootstrap.GradleDaemon 4.4
java_class_path (initial): C:\Users\Dell\.gradle\wrapper\dists\gradle-4.4-all\9br9xq1tocpiv8o6njlyu5op1\gradle-4.4\lib\gradle-launcher-4.4.jar
Launcher Type: SUN_STANDARD

Environment Variables:
JAVA_HOME=C:\Program Files\Java\jdk-9.0.1
PATH=C:\ProgramData\Oracle\Java\javapath;C:\Program Files (x86)\Intel\iCLS Client\;C:\Program Files\Intel\iCLS Client\;C:\WINDOWS\system32;C:\WINDOWS;C:\WINDOWS\System32\Wbem;C:\WINDOWS\System32\WindowsPowerShell\v1.0\;C:\Program Files (x86)\Intel\Intel(R) Management Engine Components\DAL;C:\Program Files\Intel\Intel(R) Management Engine Components\DAL;C:\Program Files (x86)\Intel\Intel(R) Management Engine Components\IPT;C:\Program Files\Intel\Intel(R) Management Engine Components\IPT;C:\Program Files\Microsoft SQL Server\110\Tools\Binn\;C:\Program Files\Intel\WiFi\bin\;C:\Program Files\Common Files\Intel\WirelessCommon\;C:\Python27;C:\Program Files\nodejs\;C:\Program Files\Git\cmd;C:\Users\Dell\AppData\Local\Microsoft\WindowsApps;C:\Users\Dell\AppData\Roaming\npm;C:\adb;%SystemRoot%\system32;%SystemRoot%;%SystemRoot%\System32\Wbem;%SYSTEMROOT%\System32\WindowsPowerShell\v1.0\;%SYSTEMROOT%\System32\OpenSSH\;C:\Users\Dell\AppData\Local\Microsoft\WindowsApps;C:\Users\Dell\AppData\Roaming\npm;
USERNAME=Dell
OS=Windows_NT
PROCESSOR_IDENTIFIER=Intel64 Family 6 Model 61 Stepping 4, GenuineIntel



---------------  S Y S T E M  ---------------

OS: Windows 10.0 , 64 bit Build 17134 (10.0.17134.1)

CPU:total 4 (initial active 4) (2 cores per cpu, 2 threads per core) family 6 model 61 stepping 4, cmov, cx8, fxsr, mmx, sse, sse2, sse3, ssse3, sse4.1, sse4.2, popcnt, avx, avx2, aes, clmul, erms, 3dnowpref, lzcnt, ht, tsc, tscinvbit, bmi1, bmi2, adx

Memory: 4k page, physical 4102716k(603540k free), swap 5532220k(4868k free)

vm_info: OpenJDK 64-Bit Server VM (25.152-b02) for windows-amd64 JRE (1.8.0_152-release-1024-b02), built by "builder" with MS VC++ 10.0 (VS2010)

time: Fri Nov 09 23:58:16 2018
elapsed time: 475 seconds (0d 0h 7m 55s)

